#
# There is insufficient memory for the Java Runtime Environment to continue.
# Native memory allocation (malloc) failed to allocate 2160064 bytes for Chunk::new
# Possible reasons:
#   The system is out of physical RAM or swap space
#   The process is running with CompressedOops enabled, and the Java Heap may be blocking the growth of the native heap
# Possible solutions:
#   Reduce memory load on the system
#   Increase physical memory or swap space
#   Check if swap backing store is full
#   Decrease Java heap size (-Xmx/-Xms)
#   Decrease number of Java threads
#   Decrease Java thread stack sizes (-Xss)
#   Set larger code cache with -XX:ReservedCodeCacheSize=
#   JVM is running with Zero Based Compressed Oops mode in which the Java heap is
#     placed in the first 32GB address space. The Java Heap base address is the
#     maximum limit for the native heap growth. Please use -XX:HeapBaseMinAddress
#     to set the Java Heap base and to place the Java Heap above 32GB virtual address.
# This output file may be truncated or incomplete.
#
#  Out of Memory Error (arena.cpp:189), pid=23004, tid=14328
#
# JRE version: Java(TM) SE Runtime Environment (17.0.18+8) (build 17.0.18+8-LTS-264)
# Java VM: Java HotSpot(TM) 64-Bit Server VM (17.0.18+8-LTS-264, mixed mode, sharing, tiered, compressed oops, compressed class ptrs, g1 gc, windows-amd64)
# No core dump will be written. Minidumps are not enabled by default on client versions of Windows
#

---------------  S U M M A R Y ------------

Command Line: --add-opens=java.base/java.lang=ALL-UNNAMED --add-opens=java.base/java.lang.invoke=ALL-UNNAMED --add-opens=java.base/java.util=ALL-UNNAMED --add-opens=java.prefs/java.util.prefs=ALL-UNNAMED --add-exports=jdk.compiler/com.sun.tools.javac.api=ALL-UNNAMED --add-exports=jdk.compiler/com.sun.tools.javac.util=ALL-UNNAMED --add-opens=java.base/java.util=ALL-UNNAMED --add-opens=java.prefs/java.util.prefs=ALL-UNNAMED --add-opens=java.base/java.nio.charset=ALL-UNNAMED --add-opens=java.base/java.net=ALL-UNNAMED --add-opens=java.base/java.util.concurrent.atomic=ALL-UNNAMED --add-opens=java.xml/javax.xml.namespace=ALL-UNNAMED -XX:MaxMetaspaceSize=4G -XX:ReservedCodeCacheSize=512m -XX:+HeapDumpOnOutOfMemoryError -Xmx8G -Dfile.encoding=UTF-8 -Duser.country=US -Duser.language=en -Duser.variant -javaagent:C:\Users\US\.gradle\wrapper\dists\gradle-8.12-all\ejduaidbjup3bmmkhw3rie4zb\gradle-8.12\lib\agents\gradle-instrumentation-agent-8.12.jar org.gradle.launcher.daemon.bootstrap.GradleDaemon 8.12

Host: 12th Gen Intel(R) Core(TM) i5-12500H, 16 cores, 15G,  Windows 11 , 64 bit Build 26100 (10.0.26100.7920)
Time: Sun Mar 22 22:28:14 2026 India Standard Time elapsed time: 7.034722 seconds (0d 0h 0m 7s)

---------------  T H R E A D  ---------------

Current thread (0x00000208ec071320):  JavaThread "C2 CompilerThread0" daemon [_thread_in_native, id=14328, stack(0x0000009859d00000,0x0000009859e00000)]


Current CompileTask:
C2:   7035 2587   !   4       java.net.URLClassLoader::findClass (47 bytes)

Stack: [0x0000009859d00000,0x0000009859e00000]
Native frames: (J=compiled Java code, j=interpreted, Vv=VM code, C=native code)
V  [jvm.dll+0x67ea1a]
V  [jvm.dll+0x7de97b]
V  [jvm.dll+0x7e02be]
V  [jvm.dll+0x7e0943]
V  [jvm.dll+0x247a9f]
V  [jvm.dll+0xaca25]
V  [jvm.dll+0xacfec]
V  [jvm.dll+0x365ade]
V  [jvm.dll+0x32ff6f]
V  [jvm.dll+0x32f3da]
V  [jvm.dll+0x218d19]
V  [jvm.dll+0x21814f]
V  [jvm.dll+0x1a4440]
V  [jvm.dll+0x22873e]
V  [jvm.dll+0x2268e6]
V  [jvm.dll+0x795657]
V  [jvm.dll+0x78fb5a]
V  [jvm.dll+0x67d8f5]
C  [ucrtbase.dll+0x37b0]
C  [KERNEL32.DLL+0x2e8d7]
C  [ntdll.dll+0x8c48c]


---------------  P R O C E S S  ---------------

Threads class SMR info:
_java_thread_list=0x00000208ecbeb7d0, length=29, elements={
0x00000208adc84b90, 0x00000208ec0590f0, 0x00000208ec059bb0, 0x00000208ec06cce0,
0x00000208ec06d5a0, 0x00000208ec06fe70, 0x00000208ec070730, 0x00000208ec071320,
0x00000208ec0723c0, 0x00000208ec082cd0, 0x00000208eb350a70, 0x00000208eb3511f0,
0x00000208ec1942d0, 0x00000208ec1947e0, 0x00000208ec287250, 0x00000208ec8f9610,
0x0000020933804030, 0x00000208ecd5e8c0, 0x0000020933ae5ca0, 0x0000020933ae6170,
0x0000020933a04270, 0x0000020933a06f90, 0x0000020933a02840, 0x0000020933a036b0,
0x0000020933a01ea0, 0x0000020932008070, 0x0000020933a02370, 0x0000020933a031e0,
0x0000020933a02d10
}

Java Threads: ( => current thread )
  0x00000208adc84b90 JavaThread "main" [_thread_blocked, id=24392, stack(0x0000009859000000,0x0000009859100000)]
  0x00000208ec0590f0 JavaThread "Reference Handler" daemon [_thread_blocked, id=23788, stack(0x0000009859700000,0x0000009859800000)]
  0x00000208ec059bb0 JavaThread "Finalizer" daemon [_thread_blocked, id=15016, stack(0x0000009859800000,0x0000009859900000)]
  0x00000208ec06cce0 JavaThread "Signal Dispatcher" daemon [_thread_blocked, id=3808, stack(0x0000009859900000,0x0000009859a00000)]
  0x00000208ec06d5a0 JavaThread "Attach Listener" daemon [_thread_blocked, id=1952, stack(0x0000009859a00000,0x0000009859b00000)]
  0x00000208ec06fe70 JavaThread "Service Thread" daemon [_thread_blocked, id=2304, stack(0x0000009859b00000,0x0000009859c00000)]
  0x00000208ec070730 JavaThread "Monitor Deflation Thread" daemon [_thread_blocked, id=21308, stack(0x0000009859c00000,0x0000009859d00000)]
=>0x00000208ec071320 JavaThread "C2 CompilerThread0" daemon [_thread_in_native, id=14328, stack(0x0000009859d00000,0x0000009859e00000)]
  0x00000208ec0723c0 JavaThread "C1 CompilerThread0" daemon [_thread_blocked, id=4204, stack(0x0000009859e00000,0x0000009859f00000)]
  0x00000208ec082cd0 JavaThread "Sweeper thread" daemon [_thread_blocked, id=23456, stack(0x0000009859f00000,0x000000985a000000)]
  0x00000208eb350a70 JavaThread "Common-Cleaner" daemon [_thread_blocked, id=5772, stack(0x000000985a000000,0x000000985a100000)]
  0x00000208eb3511f0 JavaThread "C1 CompilerThread1" daemon [_thread_blocked, id=1668, stack(0x000000985a100000,0x000000985a200000)]
  0x00000208ec1942d0 JavaThread "C1 CompilerThread2" daemon [_thread_blocked, id=14648, stack(0x000000985a200000,0x000000985a300000)]
  0x00000208ec1947e0 JavaThread "C1 CompilerThread3" daemon [_thread_blocked, id=17240, stack(0x000000985a300000,0x000000985a400000)]
  0x00000208ec287250 JavaThread "Notification Thread" daemon [_thread_blocked, id=25292, stack(0x000000985a500000,0x000000985a600000)]
  0x00000208ec8f9610 JavaThread "Daemon health stats" [_thread_blocked, id=27092, stack(0x000000985a700000,0x000000985a800000)]
  0x0000020933804030 JavaThread "Incoming local TCP Connector on port 60652" [_thread_in_native, id=5300, stack(0x000000985a400000,0x000000985a500000)]
  0x00000208ecd5e8c0 JavaThread "Daemon periodic checks" [_thread_blocked, id=18120, stack(0x000000985ad00000,0x000000985ae00000)]
  0x0000020933ae5ca0 JavaThread "Daemon" [_thread_blocked, id=14504, stack(0x000000985ae00000,0x000000985af00000)]
  0x0000020933ae6170 JavaThread "Handler for socket connection from /127.0.0.1:60652 to /127.0.0.1:60653" [_thread_in_native, id=24760, stack(0x000000985af00000,0x000000985b000000)]
  0x0000020933a04270 JavaThread "Cancel handler" [_thread_blocked, id=23888, stack(0x000000985b000000,0x000000985b100000)]
  0x0000020933a06f90 JavaThread "Daemon worker" [_thread_in_native, id=26984, stack(0x000000985b100000,0x000000985b200000)]
  0x0000020933a02840 JavaThread "Asynchronous log dispatcher for DefaultDaemonConnection: socket connection from /127.0.0.1:60652 to /127.0.0.1:60653" [_thread_blocked, id=27468, stack(0x000000985b200000,0x000000985b300000)]
  0x0000020933a036b0 JavaThread "Stdin handler" [_thread_blocked, id=9784, stack(0x000000985b300000,0x000000985b400000)]
  0x0000020933a01ea0 JavaThread "Daemon client event forwarder" [_thread_blocked, id=16584, stack(0x000000985b400000,0x000000985b500000)]
  0x0000020932008070 JavaThread "C2 CompilerThread1" daemon [_thread_in_native, id=13408, stack(0x000000985b500000,0x000000985b600000)]
  0x0000020933a02370 JavaThread "Cache worker for journal cache (C:\Users\US\.gradle\caches\journal-1)" [_thread_blocked, id=2324, stack(0x000000985b600000,0x000000985b700000)]
  0x0000020933a031e0 JavaThread "File lock request listener" [_thread_in_native, id=24456, stack(0x000000985b700000,0x000000985b800000)]
  0x0000020933a02d10 JavaThread "Cache worker for file hash cache (C:\Users\US\.gradle\caches\8.12\fileHashes)" [_thread_blocked, id=23584, stack(0x000000985b800000,0x000000985b900000)]

Other Threads:
  0x00000208eb35e020 VMThread "VM Thread" [stack: 0x0000009859600000,0x0000009859700000] [id=11312]
  0x00000208eb1b08d0 WatcherThread [stack: 0x000000985a600000,0x000000985a700000] [id=6248]
  0x00000208add379e0 GCTaskThread "GC Thread#0" [stack: 0x0000009859100000,0x0000009859200000] [id=12668]
  0x00000208ec6dc990 GCTaskThread "GC Thread#1" [stack: 0x000000985a800000,0x000000985a900000] [id=18860]
  0x00000208ec5d0480 GCTaskThread "GC Thread#2" [stack: 0x000000985a900000,0x000000985aa00000] [id=19776]
  0x00000208ec37ff80 GCTaskThread "GC Thread#3" [stack: 0x000000985aa00000,0x000000985ab00000] [id=15516]
  0x00000208ec70ecc0 GCTaskThread "GC Thread#4" [stack: 0x000000985ab00000,0x000000985ac00000] [id=23492]
  0x00000208ec70ef80 GCTaskThread "GC Thread#5" [stack: 0x000000985ac00000,0x000000985ad00000] [id=24560]
  0x00000208add48840 ConcurrentGCThread "G1 Main Marker" [stack: 0x0000009859200000,0x0000009859300000] [id=19228]
  0x00000208add4ae40 ConcurrentGCThread "G1 Conc#0" [stack: 0x0000009859300000,0x0000009859400000] [id=2220]
  0x00000208eb2194d0 ConcurrentGCThread "G1 Refine#0" [stack: 0x0000009859400000,0x0000009859500000] [id=18828]
  0x00000208eb219bb0 ConcurrentGCThread "G1 Service" [stack: 0x0000009859500000,0x0000009859600000] [id=25024]

Threads with active compile tasks:
C2 CompilerThread0     7100 2587   !   4       java.net.URLClassLoader::findClass (47 bytes)
C2 CompilerThread1     7100 2600       4       jdk.internal.reflect.ClassFileAssembler::emitConstantPoolUTF8 (50 bytes)

VM state: not at safepoint (normal execution)

VM Mutex/Monitor currently owned by a thread: None

Heap address: 0x0000000600000000, size: 8192 MB, Compressed Oops mode: Zero based, Oop shift amount: 3

CDS archive(s) mapped at: [0x00000208ed000000-0x00000208edbd0000-0x00000208edbd0000), size 12386304, SharedBaseAddress: 0x00000208ed000000, ArchiveRelocationMode: 1.
Compressed class space mapped at: 0x00000208ee000000-0x000002092e000000, reserved size: 1073741824
Narrow klass base: 0x00000208ed000000, Narrow klass shift: 0, Narrow klass range: 0x100000000

GC Precious Log:
 CPUs: 16 total, 16 available
 Memory: 16004M
 Large Page Support: Disabled
 NUMA Support: Disabled
 Compressed Oops: Enabled (Zero based)
 Heap Region Size: 4M
 Heap Min Capacity: 8M
 Heap Initial Capacity: 252M
 Heap Max Capacity: 8G
 Pre-touch: Disabled
 Parallel Workers: 13
 Concurrent Workers: 3
 Concurrent Refinement Workers: 13
 Periodic GC: Disabled

Heap:
 garbage-first heap   total 258048K, used 90677K [0x0000000600000000, 0x0000000800000000)
  region size 4096K, 21 young (86016K), 2 survivors (8192K)
 Metaspace       used 17569K, committed 17856K, reserved 1114112K
  class space    used 2480K, committed 2624K, reserved 1048576K

Heap Regions: E=young(eden), S=young(survivor), O=old, HS=humongous(starts), HC=humongous(continues), CS=collection set, F=free, OA=open archive, CA=closed archive, TAMS=top-at-mark-start (previous, next)
|   0|0x0000000600000000, 0x0000000600400000, 0x0000000600400000|100%|HS|  |TAMS 0x0000000600000000, 0x0000000600000000| Complete 
|   1|0x0000000600400000, 0x0000000600800000, 0x0000000600800000|100%| O|  |TAMS 0x0000000600400000, 0x0000000600400000| Untracked 
|   2|0x0000000600800000, 0x0000000600b29e00, 0x0000000600c00000| 79%| O|  |TAMS 0x0000000600800000, 0x0000000600800000| Untracked 
|   3|0x0000000600c00000, 0x0000000600c00000, 0x0000000601000000|  0%| F|  |TAMS 0x0000000600c00000, 0x0000000600c00000| Untracked 
|   4|0x0000000601000000, 0x0000000601000000, 0x0000000601400000|  0%| F|  |TAMS 0x0000000601000000, 0x0000000601000000| Untracked 
|   5|0x0000000601400000, 0x0000000601400000, 0x0000000601800000|  0%| F|  |TAMS 0x0000000601400000, 0x0000000601400000| Untracked 
|   6|0x0000000601800000, 0x0000000601800000, 0x0000000601c00000|  0%| F|  |TAMS 0x0000000601800000, 0x0000000601800000| Untracked 
|   7|0x0000000601c00000, 0x0000000601c00000, 0x0000000602000000|  0%| F|  |TAMS 0x0000000601c00000, 0x0000000601c00000| Untracked 
|   8|0x0000000602000000, 0x0000000602000000, 0x0000000602400000|  0%| F|  |TAMS 0x0000000602000000, 0x0000000602000000| Untracked 
|   9|0x0000000602400000, 0x0000000602400000, 0x0000000602800000|  0%| F|  |TAMS 0x0000000602400000, 0x0000000602400000| Untracked 
|  10|0x0000000602800000, 0x0000000602800000, 0x0000000602c00000|  0%| F|  |TAMS 0x0000000602800000, 0x0000000602800000| Untracked 
|  11|0x0000000602c00000, 0x0000000602c00000, 0x0000000603000000|  0%| F|  |TAMS 0x0000000602c00000, 0x0000000602c00000| Untracked 
|  12|0x0000000603000000, 0x0000000603000000, 0x0000000603400000|  0%| F|  |TAMS 0x0000000603000000, 0x0000000603000000| Untracked 
|  13|0x0000000603400000, 0x0000000603400000, 0x0000000603800000|  0%| F|  |TAMS 0x0000000603400000, 0x0000000603400000| Untracked 
|  14|0x0000000603800000, 0x0000000603800000, 0x0000000603c00000|  0%| F|  |TAMS 0x0000000603800000, 0x0000000603800000| Untracked 
|  15|0x0000000603c00000, 0x0000000603c00000, 0x0000000604000000|  0%| F|  |TAMS 0x0000000603c00000, 0x0000000603c00000| Untracked 
|  16|0x0000000604000000, 0x0000000604000000, 0x0000000604400000|  0%| F|  |TAMS 0x0000000604000000, 0x0000000604000000| Untracked 
|  17|0x0000000604400000, 0x0000000604400000, 0x0000000604800000|  0%| F|  |TAMS 0x0000000604400000, 0x0000000604400000| Untracked 
|  18|0x0000000604800000, 0x0000000604800000, 0x0000000604c00000|  0%| F|  |TAMS 0x0000000604800000, 0x0000000604800000| Untracked 
|  19|0x0000000604c00000, 0x0000000604c00000, 0x0000000605000000|  0%| F|  |TAMS 0x0000000604c00000, 0x0000000604c00000| Untracked 
|  20|0x0000000605000000, 0x0000000605000000, 0x0000000605400000|  0%| F|  |TAMS 0x0000000605000000, 0x0000000605000000| Untracked 
|  21|0x0000000605400000, 0x0000000605400000, 0x0000000605800000|  0%| F|  |TAMS 0x0000000605400000, 0x0000000605400000| Untracked 
|  22|0x0000000605800000, 0x0000000605800000, 0x0000000605c00000|  0%| F|  |TAMS 0x0000000605800000, 0x0000000605800000| Untracked 
|  23|0x0000000605c00000, 0x0000000605c00000, 0x0000000606000000|  0%| F|  |TAMS 0x0000000605c00000, 0x0000000605c00000| Untracked 
|  24|0x0000000606000000, 0x0000000606000000, 0x0000000606400000|  0%| F|  |TAMS 0x0000000606000000, 0x0000000606000000| Untracked 
|  25|0x0000000606400000, 0x0000000606400000, 0x0000000606800000|  0%| F|  |TAMS 0x0000000606400000, 0x0000000606400000| Untracked 
|  26|0x0000000606800000, 0x0000000606800000, 0x0000000606c00000|  0%| F|  |TAMS 0x0000000606800000, 0x0000000606800000| Untracked 
|  27|0x0000000606c00000, 0x0000000606c00000, 0x0000000607000000|  0%| F|  |TAMS 0x0000000606c00000, 0x0000000606c00000| Untracked 
|  28|0x0000000607000000, 0x0000000607000000, 0x0000000607400000|  0%| F|  |TAMS 0x0000000607000000, 0x0000000607000000| Untracked 
|  29|0x0000000607400000, 0x0000000607400000, 0x0000000607800000|  0%| F|  |TAMS 0x0000000607400000, 0x0000000607400000| Untracked 
|  30|0x0000000607800000, 0x0000000607800000, 0x0000000607c00000|  0%| F|  |TAMS 0x0000000607800000, 0x0000000607800000| Untracked 
|  31|0x0000000607c00000, 0x0000000607c00000, 0x0000000608000000|  0%| F|  |TAMS 0x0000000607c00000, 0x0000000607c00000| Untracked 
|  32|0x0000000608000000, 0x0000000608000000, 0x0000000608400000|  0%| F|  |TAMS 0x0000000608000000, 0x0000000608000000| Untracked 
|  33|0x0000000608400000, 0x0000000608400000, 0x0000000608800000|  0%| F|  |TAMS 0x0000000608400000, 0x0000000608400000| Untracked 
|  34|0x0000000608800000, 0x0000000608800000, 0x0000000608c00000|  0%| F|  |TAMS 0x0000000608800000, 0x0000000608800000| Untracked 
|  35|0x0000000608c00000, 0x0000000608c00000, 0x0000000609000000|  0%| F|  |TAMS 0x0000000608c00000, 0x0000000608c00000| Untracked 
|  36|0x0000000609000000, 0x0000000609000000, 0x0000000609400000|  0%| F|  |TAMS 0x0000000609000000, 0x0000000609000000| Untracked 
|  37|0x0000000609400000, 0x0000000609400000, 0x0000000609800000|  0%| F|  |TAMS 0x0000000609400000, 0x0000000609400000| Untracked 
|  38|0x0000000609800000, 0x0000000609800000, 0x0000000609c00000|  0%| F|  |TAMS 0x0000000609800000, 0x0000000609800000| Untracked 
|  39|0x0000000609c00000, 0x0000000609c00000, 0x000000060a000000|  0%| F|  |TAMS 0x0000000609c00000, 0x0000000609c00000| Untracked 
|  40|0x000000060a000000, 0x000000060a000000, 0x000000060a400000|  0%| F|  |TAMS 0x000000060a000000, 0x000000060a000000| Untracked 
|  41|0x000000060a400000, 0x000000060a400000, 0x000000060a800000|  0%| F|  |TAMS 0x000000060a400000, 0x000000060a400000| Untracked 
|  42|0x000000060a800000, 0x000000060aa1a830, 0x000000060ac00000| 52%| E|  |TAMS 0x000000060a800000, 0x000000060a800000| Complete 
|  43|0x000000060ac00000, 0x000000060b000000, 0x000000060b000000|100%| E|CS|TAMS 0x000000060ac00000, 0x000000060ac00000| Complete 
|  44|0x000000060b000000, 0x000000060b400000, 0x000000060b400000|100%| E|CS|TAMS 0x000000060b000000, 0x000000060b000000| Complete 
|  45|0x000000060b400000, 0x000000060b800000, 0x000000060b800000|100%| E|CS|TAMS 0x000000060b400000, 0x000000060b400000| Complete 
|  46|0x000000060b800000, 0x000000060bc00000, 0x000000060bc00000|100%| E|CS|TAMS 0x000000060b800000, 0x000000060b800000| Complete 
|  47|0x000000060bc00000, 0x000000060c000000, 0x000000060c000000|100%| E|CS|TAMS 0x000000060bc00000, 0x000000060bc00000| Complete 
|  48|0x000000060c000000, 0x000000060c163988, 0x000000060c400000| 34%| S|CS|TAMS 0x000000060c000000, 0x000000060c000000| Complete 
|  49|0x000000060c400000, 0x000000060c800000, 0x000000060c800000|100%| S|CS|TAMS 0x000000060c400000, 0x000000060c400000| Complete 
|  50|0x000000060c800000, 0x000000060cc00000, 0x000000060cc00000|100%| E|CS|TAMS 0x000000060c800000, 0x000000060c800000| Complete 
|  51|0x000000060cc00000, 0x000000060d000000, 0x000000060d000000|100%| E|CS|TAMS 0x000000060cc00000, 0x000000060cc00000| Complete 
|  52|0x000000060d000000, 0x000000060d400000, 0x000000060d400000|100%| E|CS|TAMS 0x000000060d000000, 0x000000060d000000| Complete 
|  53|0x000000060d400000, 0x000000060d800000, 0x000000060d800000|100%| E|CS|TAMS 0x000000060d400000, 0x000000060d400000| Complete 
|  54|0x000000060d800000, 0x000000060dc00000, 0x000000060dc00000|100%| E|CS|TAMS 0x000000060d800000, 0x000000060d800000| Complete 
|  55|0x000000060dc00000, 0x000000060e000000, 0x000000060e000000|100%| E|CS|TAMS 0x000000060dc00000, 0x000000060dc00000| Complete 
|  56|0x000000060e000000, 0x000000060e400000, 0x000000060e400000|100%| E|CS|TAMS 0x000000060e000000, 0x000000060e000000| Complete 
|  57|0x000000060e400000, 0x000000060e800000, 0x000000060e800000|100%| E|CS|TAMS 0x000000060e400000, 0x000000060e400000| Complete 
|  58|0x000000060e800000, 0x000000060ec00000, 0x000000060ec00000|100%| E|CS|TAMS 0x000000060e800000, 0x000000060e800000| Complete 
|  59|0x000000060ec00000, 0x000000060f000000, 0x000000060f000000|100%| E|CS|TAMS 0x000000060ec00000, 0x000000060ec00000| Complete 
|  60|0x000000060f000000, 0x000000060f400000, 0x000000060f400000|100%| E|CS|TAMS 0x000000060f000000, 0x000000060f000000| Complete 
|  61|0x000000060f400000, 0x000000060f800000, 0x000000060f800000|100%| E|CS|TAMS 0x000000060f400000, 0x000000060f400000| Complete 
|  62|0x000000060f800000, 0x000000060fc00000, 0x000000060fc00000|100%| E|CS|TAMS 0x000000060f800000, 0x000000060f800000| Complete 

Card table byte_map: [0x00000208d7050000,0x00000208d8050000] _byte_map_base: 0x00000208d4050000

Marking Bits (Prev, Next): (CMBitMap*) 0x00000208add37f10, (CMBitMap*) 0x00000208add37f50
 Prev Bits: [0x00000208d9050000, 0x00000208e1050000)
 Next Bits: [0x00000208e1050000, 0x00000208e9050000)

Polling page: 0x00000208abbb0000

Metaspace:

Usage:
  Non-class:     14.74 MB used.
      Class:      2.42 MB used.
       Both:     17.16 MB used.

Virtual space:
  Non-class space:       64.00 MB reserved,      14.88 MB ( 23%) committed,  1 nodes.
      Class space:        1.00 GB reserved,       2.56 MB ( <1%) committed,  1 nodes.
             Both:        1.06 GB reserved,      17.44 MB (  2%) committed. 

Chunk freelists:
   Non-Class:  992.00 KB
       Class:  13.45 MB
        Both:  14.42 MB

MaxMetaspaceSize: 4.00 GB
CompressedClassSpaceSize: 1.00 GB
Initial GC threshold: 21.00 MB
Current GC threshold: 21.00 MB
CDS: on
MetaspaceReclaimPolicy: balanced
 - commit_granule_bytes: 65536.
 - commit_granule_words: 8192.
 - virtual_space_node_default_size: 8388608.
 - enlarge_chunks_in_place: 1.
 - new_chunks_are_fully_committed: 0.
 - uncommit_free_chunks: 1.
 - use_allocation_guard: 0.
 - handle_deallocations: 1.


Internal statistics:

num_allocs_failed_limit: 0.
num_arena_births: 218.
num_arena_deaths: 0.
num_vsnodes_births: 2.
num_vsnodes_deaths: 0.
num_space_committed: 279.
num_space_uncommitted: 0.
num_chunks_returned_to_freelist: 0.
num_chunks_taken_from_freelist: 796.
num_chunk_merges: 0.
num_chunk_splits: 525.
num_chunks_enlarged: 382.
num_inconsistent_stats: 0.

CodeHeap 'non-profiled nmethods': size=258432Kb used=1341Kb max_used=1341Kb free=257091Kb
 bounds [0x00000208c5940000, 0x00000208c5bb0000, 0x00000208d55a0000]
CodeHeap 'profiled nmethods': size=258368Kb used=5444Kb max_used=5444Kb free=252923Kb
 bounds [0x00000208b55a0000, 0x00000208b5b00000, 0x00000208c51f0000]
CodeHeap 'non-nmethods': size=7488Kb used=2924Kb max_used=2982Kb free=4563Kb
 bounds [0x00000208c51f0000, 0x00000208c54f0000, 0x00000208c5940000]
 total_blobs=3169 nmethods=2625 adapters=453
 compilation: enabled
              stopped_count=0, restarted_count=0
 full_count=0

Compilation events (20 events):
Event: 6.788 Thread 0x00000208eb3511f0 2616       3       org.gradle.internal.service.DefaultServiceRegistry::access$1500 (6 bytes)
Event: 6.788 Thread 0x00000208ec0723c0 2617       3       org.gradle.internal.service.DefaultServiceRegistry::isAssignableFromAnyType (41 bytes)
Event: 6.789 Thread 0x00000208ec1947e0 2618       3       org.gradle.internal.service.DefaultServiceRegistry$SingletonService::getAll (38 bytes)
Event: 6.789 Thread 0x00000208ec1942d0 2619       3       org.gradle.internal.service.DefaultServiceRegistry$CollectingVisitor::visit (25 bytes)
Event: 6.789 Thread 0x00000208eb3511f0 nmethod 2616 0x00000208b5adfd10 code [0x00000208b5adfea0, 0x00000208b5adffa8]
Event: 6.789 Thread 0x00000208ec1942d0 nmethod 2619 0x00000208b5ae0090 code [0x00000208b5ae0240, 0x00000208b5ae0538]
Event: 6.789 Thread 0x00000208ec0723c0 nmethod 2617 0x00000208b5ae0690 code [0x00000208b5ae0880, 0x00000208b5ae0e18]
Event: 6.790 Thread 0x00000208ec1947e0 nmethod 2618 0x00000208b5ae1010 code [0x00000208b5ae1200, 0x00000208b5ae1638]
Event: 6.808 Thread 0x00000208ec1947e0 2620       1       org.gradle.launcher.daemon.server.exec.DaemonConnectionBackedEventConsumer::access$000 (5 bytes)
Event: 6.809 Thread 0x00000208ec1947e0 nmethod 2620 0x00000208c5a7b310 code [0x00000208c5a7b4a0, 0x00000208c5a7b558]
Event: 6.812 Thread 0x00000208ec1947e0 2621       3       java.lang.Class::copyConstructors (38 bytes)
Event: 6.816 Thread 0x00000208ec1947e0 nmethod 2621 0x00000208b5ae1810 code [0x00000208b5ae1a80, 0x00000208b5ae25f8]
Event: 6.828 Thread 0x00000208ec1942d0 2622 % !   3       java.util.concurrent.ConcurrentHashMap::transfer @ 437 (849 bytes)
Event: 6.833 Thread 0x00000208ec0723c0 2623   !   3       org.gradle.internal.classloader.TransformingClassLoader::findClass (203 bytes)
Event: 6.833 Thread 0x00000208ec1947e0 2624       3       org.gradle.initialization.MixInLegacyTypesClassLoader::shouldTransform (42 bytes)
Event: 6.834 Thread 0x00000208ec1947e0 nmethod 2624 0x00000208b5ae2a90 code [0x00000208b5ae2c60, 0x00000208b5ae3098]
Event: 6.837 Thread 0x00000208ec1942d0 nmethod 2622% 0x00000208b5ae3210 code [0x00000208b5ae3680, 0x00000208b5ae63f8]
Event: 6.837 Thread 0x00000208ec0723c0 nmethod 2623 0x00000208b5ae7c90 code [0x00000208b5ae8160, 0x00000208b5aea578]
Event: 6.903 Thread 0x00000208ec1942d0 2625       3       org.gradle.internal.service.DefaultServiceRegistry::validateImplementationForServiceTypes (84 bytes)
Event: 6.905 Thread 0x00000208ec1942d0 nmethod 2625 0x00000208b5aeb510 code [0x00000208b5aeb820, 0x00000208b5aeca78]

GC Heap History (6 events):
Event: 0.471 GC heap before
{Heap before GC invocations=0 (full 0):
 garbage-first heap   total 258048K, used 20480K [0x0000000600000000, 0x0000000800000000)
  region size 4096K, 5 young (20480K), 0 survivors (0K)
 Metaspace       used 825K, committed 960K, reserved 1114112K
  class space    used 61K, committed 128K, reserved 1048576K
}
Event: 0.474 GC heap after
{Heap after GC invocations=1 (full 0):
 garbage-first heap   total 258048K, used 1455K [0x0000000600000000, 0x0000000800000000)
  region size 4096K, 1 young (4096K), 1 survivors (4096K)
 Metaspace       used 825K, committed 960K, reserved 1114112K
  class space    used 61K, committed 128K, reserved 1048576K
}
Event: 1.839 GC heap before
{Heap before GC invocations=1 (full 0):
 garbage-first heap   total 258048K, used 46511K [0x0000000600000000, 0x0000000800000000)
  region size 4096K, 11 young (45056K), 1 survivors (4096K)
 Metaspace       used 4436K, committed 4608K, reserved 1114112K
  class space    used 546K, committed 640K, reserved 1048576K
}
Event: 1.847 GC heap after
{Heap after GC invocations=2 (full 0):
 garbage-first heap   total 258048K, used 11701K [0x0000000600000000, 0x0000000800000000)
  region size 4096K, 2 young (8192K), 2 survivors (8192K)
 Metaspace       used 4436K, committed 4608K, reserved 1114112K
  class space    used 546K, committed 640K, reserved 1048576K
}
Event: 3.000 GC heap before
{Heap before GC invocations=2 (full 0):
 garbage-first heap   total 258048K, used 56757K [0x0000000600000000, 0x0000000800000000)
  region size 4096K, 13 young (53248K), 2 survivors (8192K)
 Metaspace       used 4980K, committed 5248K, reserved 1114112K
  class space    used 640K, committed 768K, reserved 1048576K
}
Event: 3.012 GC heap after
{Heap after GC invocations=3 (full 0):
 garbage-first heap   total 258048K, used 16949K [0x0000000600000000, 0x0000000800000000)
  region size 4096K, 2 young (8192K), 2 survivors (8192K)
 Metaspace       used 4980K, committed 5248K, reserved 1114112K
  class space    used 640K, committed 768K, reserved 1048576K
}

Deoptimization events (20 events):
Event: 5.206 Thread 0x0000020933a06f90 DEOPT PACKING pc=0x00000208c5a0f330 sp=0x000000985b1fb110
Event: 5.206 Thread 0x0000020933a06f90 DEOPT UNPACKING pc=0x00000208c52423a3 sp=0x000000985b1fb0a8 mode 2
Event: 5.690 Thread 0x0000020933a06f90 DEOPT PACKING pc=0x00000208b59f481e sp=0x000000985b1fc760
Event: 5.690 Thread 0x0000020933a06f90 DEOPT UNPACKING pc=0x00000208c5242b43 sp=0x000000985b1fbc70 mode 0
Event: 6.149 Thread 0x0000020933a06f90 Uncommon trap: trap_request=0xffffff45 fr.pc=0x00000208c5964348 relative=0x0000000000000ac8
Event: 6.149 Thread 0x0000020933a06f90 Uncommon trap: reason=unstable_if action=reinterpret pc=0x00000208c5964348 method=java.io.WinNTFileSystem.resolve(Ljava/lang/String;Ljava/lang/String;)Ljava/lang/String; @ 19 c2
Event: 6.149 Thread 0x0000020933a06f90 DEOPT PACKING pc=0x00000208c5964348 sp=0x000000985b1faec0
Event: 6.149 Thread 0x0000020933a06f90 DEOPT UNPACKING pc=0x00000208c52423a3 sp=0x000000985b1fae68 mode 2
Event: 6.152 Thread 0x0000020933a06f90 Uncommon trap: trap_request=0xffffff45 fr.pc=0x00000208c59d7a38 relative=0x00000000000005f8
Event: 6.152 Thread 0x0000020933a06f90 Uncommon trap: reason=unstable_if action=reinterpret pc=0x00000208c59d7a38 method=java.io.File.getName()Ljava/lang/String; @ 16 c2
Event: 6.152 Thread 0x0000020933a06f90 DEOPT PACKING pc=0x00000208c59d7a38 sp=0x000000985b1fae70
Event: 6.152 Thread 0x0000020933a06f90 DEOPT UNPACKING pc=0x00000208c52423a3 sp=0x000000985b1fae40 mode 2
Event: 6.827 Thread 0x0000020933a06f90 DEOPT PACKING pc=0x00000208b59f47fd sp=0x000000985b1fb920
Event: 6.827 Thread 0x0000020933a06f90 DEOPT UNPACKING pc=0x00000208c5242b43 sp=0x000000985b1fae30 mode 0
Event: 6.912 Thread 0x0000020933a06f90 DEOPT PACKING pc=0x00000208b59f47fd sp=0x000000985b1fa970
Event: 6.912 Thread 0x0000020933a06f90 DEOPT UNPACKING pc=0x00000208c5242b43 sp=0x000000985b1f9e80 mode 0
Event: 6.913 Thread 0x0000020933a06f90 DEOPT PACKING pc=0x00000208b5ae6104 sp=0x000000985b1fa890
Event: 6.913 Thread 0x0000020933a06f90 DEOPT UNPACKING pc=0x00000208c5242b43 sp=0x000000985b1f9e80 mode 0
Event: 6.950 Thread 0x0000020933a06f90 DEOPT PACKING pc=0x00000208b59f481e sp=0x000000985b1faec0
Event: 6.950 Thread 0x0000020933a06f90 DEOPT UNPACKING pc=0x00000208c5242b43 sp=0x000000985b1fa3d0 mode 0

Classes unloaded (0 events):
No events

Classes redefined (0 events):
No events

Internal exceptions (20 events):
Event: 4.732 Thread 0x0000020933ae5ca0 Exception <a 'java/lang/NoSuchMethodError'{0x000000060e532f48}: 'void java.lang.invoke.DirectMethodHandle$Holder.invokeSpecial(java.lang.Object, java.lang.Object, java.lang.Object)'> (0x000000060e532f48) 
thrown [s\open\src\hotspot\share\interpreter\linkResolver.cpp, line 759]
Event: 4.902 Thread 0x0000020933a06f90 Exception <a 'java/lang/NoSuchMethodError'{0x000000060ddaa950}: 'long java.lang.invoke.DirectMethodHandle$Holder.invokeInterface(java.lang.Object, java.lang.Object)'> (0x000000060ddaa950) 
thrown [s\open\src\hotspot\share\interpreter\linkResolver.cpp, line 759]
Event: 5.075 Thread 0x0000020933a06f90 Exception <a 'java/lang/NoSuchMethodError'{0x000000060da26318}: 'void java.lang.invoke.DirectMethodHandle$Holder.invokeStatic(java.lang.Object, java.lang.Object)'> (0x000000060da26318) 
thrown [s\open\src\hotspot\share\interpreter\linkResolver.cpp, line 759]
Event: 5.213 Thread 0x0000020933a06f90 Exception <a 'java/lang/NoSuchMethodError'{0x000000060d43be00}: 'int java.lang.invoke.DirectMethodHandle$Holder.invokeVirtual(java.lang.Object, java.lang.Object, java.lang.Object)'> (0x000000060d43be00) 
thrown [s\open\src\hotspot\share\interpreter\linkResolver.cpp, line 759]
Event: 5.369 Thread 0x0000020933a06f90 Exception <a 'java/lang/NoSuchMethodError'{0x000000060d6cf188}: 'java.lang.Object java.lang.invoke.DirectMethodHandle$Holder.newInvokeSpecial(java.lang.Object, java.lang.Object, java.lang.Object, java.lang.Object, java.lang.Object, java.lang.Object)'> (0x000000060d6cf188) 
thrown [s\open\src\hotspot\share\interpreter\linkResolver.cpp, line 759]
Event: 5.578 Thread 0x0000020933a06f90 Exception <a 'java/lang/NoSuchMethodError'{0x000000060d1d4388}: 'void java.lang.invoke.DelegatingMethodHandle$Holder.reinvoke_L(java.lang.Object, java.lang.Object, java.lang.Object, java.lang.Object, java.lang.Object, java.lang.Object, java.lang.Object, java.lang.Object, java.lang.Object, java.lang.Object)'> (0x000000060d1d4388) 
thrown [s\open\src\hotspot\share\interpreter\linkResolver.cpp, line 759]
Event: 5.581 Thread 0x0000020933a06f90 Exception <a 'java/lang/NoSuchMethodError'{0x000000060d1dc7f8}: 'java.lang.Object java.lang.invoke.DirectMethodHandle$Holder.invokeSpecial(java.lang.Object, java.lang.Object, java.lang.Object, java.lang.Object, java.lang.Object, java.lang.Object, java.lang.Object, java.lang.Object, java.lang.Object, java.lang.Object)'> (0x000000060d1dc7f8) 
thrown [s\open\src\hotspot\share\interpreter\linkResolver.cpp, line 759]
Event: 5.582 Thread 0x0000020933a06f90 Exception <a 'java/lang/NoSuchMethodError'{0x000000060d1e10c8}: 'java.lang.Object java.lang.invoke.Invokers$Holder.invoker(java.lang.Object, java.lang.Object, java.lang.Object, java.lang.Object, java.lang.Object, java.lang.Object, java.lang.Object, java.lang.Object, java.lang.Object, java.lang.Object)'> (0x000000060d1e10c8) 
thrown [s\open\src\hotspot\share\interpreter\linkResolver.cpp, line 759]
Event: 5.583 Thread 0x0000020933a06f90 Exception <a 'java/lang/NoSuchMethodError'{0x000000060d1e6cd0}: 'java.lang.Object java.lang.invoke.DirectMethodHandle$Holder.invokeSpecial(java.lang.Object, java.lang.Object, java.lang.Object, java.lang.Object, java.lang.Object, java.lang.Object, java.lang.Object, java.lang.Object, java.lang.Object, java.lang.Object, java.lang.Object)'> (0x000000060d1e6cd0) 
thrown [s\open\src\hotspot\share\interpreter\linkResolver.cpp, line 759]
Event: 5.970 Thread 0x0000020933a06f90 Exception <a 'java/lang/NoSuchMethodError'{0x000000060ca6b838}: 'java.lang.Object java.lang.invoke.DirectMethodHandle$Holder.newInvokeSpecial(java.lang.Object, java.lang.Object, int)'> (0x000000060ca6b838) 
thrown [s\open\src\hotspot\share\interpreter\linkResolver.cpp, line 759]
Event: 6.267 Thread 0x0000020933a06f90 Exception <a 'java/lang/NoSuchMethodError'{0x000000060b95d4e0}: 'int java.lang.invoke.DirectMethodHandle$Holder.invokeSpecialIFC(java.lang.Object, java.lang.Object, java.lang.Object, java.lang.Object)'> (0x000000060b95d4e0) 
thrown [s\open\src\hotspot\share\interpreter\linkResolver.cpp, line 759]
Event: 6.270 Thread 0x0000020933a06f90 Exception <a 'java/lang/NoSuchMethodError'{0x000000060b96c8b0}: 'java.lang.Object java.lang.invoke.DirectMethodHandle$Holder.invokeInterface(java.lang.Object, java.lang.Object, java.lang.Object)'> (0x000000060b96c8b0) 
thrown [s\open\src\hotspot\share\interpreter\linkResolver.cpp, line 759]
Event: 6.271 Thread 0x0000020933a06f90 Exception <a 'java/lang/IncompatibleClassChangeError'{0x000000060b970770}: Found class java.lang.Object, but interface was expected> (0x000000060b970770) 
thrown [s\open\src\hotspot\share\interpreter\linkResolver.cpp, line 826]
Event: 6.343 Thread 0x0000020933a06f90 Exception <a 'java/lang/NoSuchMethodError'{0x000000060bb6cfd0}: 'int java.lang.invoke.DirectMethodHandle$Holder.invokeStatic(java.lang.Object, java.lang.Object, java.lang.Object, java.lang.Object)'> (0x000000060bb6cfd0) 
thrown [s\open\src\hotspot\share\interpreter\linkResolver.cpp, line 759]
Event: 6.344 Thread 0x0000020933a06f90 Exception <a 'java/lang/NoSuchMethodError'{0x000000060bb70ea0}: 'java.lang.Object java.lang.invoke.Invokers$Holder.invokeExact_MT(java.lang.Object, java.lang.Object, java.lang.Object, java.lang.Object, java.lang.Object, java.lang.Object)'> (0x000000060bb70ea0) 
thrown [s\open\src\hotspot\share\interpreter\linkResolver.cpp, line 759]
Event: 6.521 Thread 0x0000020933a06f90 Exception <a 'java/lang/IncompatibleClassChangeError'{0x000000060b745540}: Found class java.lang.Object, but interface was expected> (0x000000060b745540) 
thrown [s\open\src\hotspot\share\interpreter\linkResolver.cpp, line 826]
Event: 6.662 Thread 0x0000020933a01ea0 Exception <a 'java/lang/NoSuchMethodError'{0x000000060e2eba28}: static Lorg/gradle/internal/build/event/types/DefaultOperationStartedProgressEvent;.<clinit>()V> (0x000000060e2eba28) 
thrown [s\open\src\hotspot\share\prims\jni.cpp, line 1112]
Event: 6.663 Thread 0x0000020933a01ea0 Exception <a 'java/lang/NoSuchMethodError'{0x000000060e2ecfb0}: static Lorg/gradle/internal/build/event/types/AbstractProgressEvent;.<clinit>()V> (0x000000060e2ecfb0) 
thrown [s\open\src\hotspot\share\prims\jni.cpp, line 1112]
Event: 6.665 Thread 0x0000020933a01ea0 Exception <a 'java/lang/NoSuchMethodError'{0x000000060e2f5cc8}: static Lorg/gradle/internal/build/event/types/DefaultOperationDescriptor;.<clinit>()V> (0x000000060e2f5cc8) 
thrown [s\open\src\hotspot\share\prims\jni.cpp, line 1112]
Event: 6.673 Thread 0x0000020933a01ea0 Exception <a 'java/lang/NoSuchMethodError'{0x000000060e30b628}: static Lorg/gradle/internal/operations/OperationIdentifier;.<clinit>()V> (0x000000060e30b628) 
thrown [s\open\src\hotspot\share\prims\jni.cpp, line 1112]

VM Operations (20 events):
Event: 3.476 Executing VM operation: HandshakeAllThreads
Event: 3.476 Executing VM operation: HandshakeAllThreads done
Event: 3.614 Executing VM operation: HandshakeAllThreads
Event: 3.614 Executing VM operation: HandshakeAllThreads done
Event: 3.674 Executing VM operation: HandshakeAllThreads
Event: 3.675 Executing VM operation: HandshakeAllThreads done
Event: 3.854 Executing VM operation: HandshakeAllThreads
Event: 3.854 Executing VM operation: HandshakeAllThreads done
Event: 4.276 Executing VM operation: HandshakeAllThreads
Event: 4.276 Executing VM operation: HandshakeAllThreads done
Event: 4.276 Executing VM operation: Cleanup
Event: 4.276 Executing VM operation: Cleanup done
Event: 4.458 Executing VM operation: HandshakeAllThreads
Event: 4.458 Executing VM operation: HandshakeAllThreads done
Event: 5.461 Executing VM operation: Cleanup
Event: 5.462 Executing VM operation: Cleanup done
Event: 6.460 Executing VM operation: HandshakeAllThreads
Event: 6.461 Executing VM operation: HandshakeAllThreads done
Event: 6.461 Executing VM operation: HandshakeAllThreads
Event: 6.461 Executing VM operation: HandshakeAllThreads done

Events (20 events):
Event: 6.264 loading class java/nio/file/FileVisitOption
Event: 6.264 loading class java/nio/file/FileVisitOption done
Event: 6.271 loading class java/util/stream/ReduceOps$1
Event: 6.272 loading class java/util/stream/ReduceOps$1 done
Event: 6.272 loading class java/util/stream/ReduceOps$1ReducingSink
Event: 6.272 loading class java/util/stream/ReduceOps$1ReducingSink done
Event: 6.559 loading class java/util/Collections$2
Event: 6.559 loading class java/util/Collections$2 done
Event: 6.657 loading class java/io/ObjectOutputStream$BlockDataOutputStream
Event: 6.657 loading class java/io/ObjectOutputStream$BlockDataOutputStream done
Event: 6.658 loading class java/io/ObjectOutputStream$HandleTable
Event: 6.658 loading class java/io/ObjectOutputStream$HandleTable done
Event: 6.658 loading class java/io/ObjectOutputStream$ReplaceTable
Event: 6.658 loading class java/io/ObjectOutputStream$ReplaceTable done
Event: 6.667 loading class java/io/UnsupportedEncodingException
Event: 6.668 loading class java/io/UnsupportedEncodingException done
Event: 6.668 loading class java/nio/charset/CharacterCodingException
Event: 6.669 loading class java/nio/charset/CharacterCodingException done
Event: 6.948 loading class java/util/function/LongFunction
Event: 6.948 loading class java/util/function/LongFunction done


Dynamic libraries:
0x00007ff627570000 - 0x00007ff627580000 	C:\Program Files\Java\jdk-17.0.18\bin\java.exe
0x00007ff939ec0000 - 0x00007ff93a127000 	C:\WINDOWS\SYSTEM32\ntdll.dll
0x00007ff938130000 - 0x00007ff9381f9000 	C:\WINDOWS\System32\KERNEL32.DLL
0x00007ff937520000 - 0x00007ff937911000 	C:\WINDOWS\System32\KERNELBASE.dll
0x00007ff937950000 - 0x00007ff937a9b000 	C:\WINDOWS\System32\ucrtbase.dll
0x00007ff915710000 - 0x00007ff91572e000 	C:\Program Files\Java\jdk-17.0.18\bin\VCRUNTIME140.dll
0x00007ff9215d0000 - 0x00007ff9215e9000 	C:\Program Files\Java\jdk-17.0.18\bin\jli.dll
0x00007ff937ee0000 - 0x00007ff937f9b000 	C:\WINDOWS\System32\ADVAPI32.dll
0x00007ff939510000 - 0x00007ff9395b9000 	C:\WINDOWS\System32\msvcrt.dll
0x00007ff9389b0000 - 0x00007ff938a57000 	C:\WINDOWS\System32\sechost.dll
0x00007ff938200000 - 0x00007ff938318000 	C:\WINDOWS\System32\RPCRT4.dll
0x00007ff938320000 - 0x00007ff9384e5000 	C:\WINDOWS\System32\USER32.dll
0x00007ff937920000 - 0x00007ff937947000 	C:\WINDOWS\System32\win32u.dll
0x00007ff91ff60000 - 0x00007ff9201f3000 	C:\WINDOWS\WinSxS\amd64_microsoft.windows.common-controls_6595b64144ccf1df_6.0.26100.8037_none_3e092faae333b53b\COMCTL32.dll
0x00007ff937cd0000 - 0x00007ff937cfb000 	C:\WINDOWS\System32\GDI32.dll
0x00007ff937aa0000 - 0x00007ff937bcb000 	C:\WINDOWS\System32\gdi32full.dll
0x00007ff937470000 - 0x00007ff937513000 	C:\WINDOWS\System32\msvcp_win.dll
0x00007ff924300000 - 0x00007ff92430b000 	C:\WINDOWS\SYSTEM32\VERSION.dll
0x00007ff9384f0000 - 0x00007ff938521000 	C:\WINDOWS\System32\IMM32.DLL
0x00007ff925ef0000 - 0x00007ff925efc000 	C:\Program Files\Java\jdk-17.0.18\bin\vcruntime140_1.dll
0x00007ff8d4840000 - 0x00007ff8d48cd000 	C:\Program Files\Java\jdk-17.0.18\bin\msvcp140.dll
0x00007ff881b40000 - 0x00007ff882724000 	C:\Program Files\Java\jdk-17.0.18\bin\server\jvm.dll
0x00007ff938090000 - 0x00007ff938098000 	C:\WINDOWS\System32\PSAPI.DLL
0x00007ff9250b0000 - 0x00007ff9250ba000 	C:\WINDOWS\SYSTEM32\WSOCK32.dll
0x00007ff92c200000 - 0x00007ff92c235000 	C:\WINDOWS\SYSTEM32\WINMM.dll
0x00007ff938930000 - 0x00007ff9389a4000 	C:\WINDOWS\System32\WS2_32.dll
0x00007ff9355a0000 - 0x00007ff9355bb000 	C:\WINDOWS\SYSTEM32\kernel.appcore.dll
0x00007ff925df0000 - 0x00007ff925dfa000 	C:\Program Files\Java\jdk-17.0.18\bin\jimage.dll
0x00007ff934320000 - 0x00007ff934562000 	C:\WINDOWS\SYSTEM32\DBGHELP.DLL
0x00007ff938560000 - 0x00007ff9388e2000 	C:\WINDOWS\System32\combase.dll
0x00007ff939190000 - 0x00007ff939267000 	C:\WINDOWS\System32\OLEAUT32.dll
0x00007ff91e520000 - 0x00007ff91e55b000 	C:\WINDOWS\SYSTEM32\dbgcore.DLL
0x00007ff936860000 - 0x00007ff936905000 	C:\WINDOWS\System32\bcryptPrimitives.dll
0x00007ff924e90000 - 0x00007ff924e9f000 	C:\Program Files\Java\jdk-17.0.18\bin\instrument.dll
0x00007ff909dc0000 - 0x00007ff909de6000 	C:\Program Files\Java\jdk-17.0.18\bin\java.dll
0x00007ff8d4a90000 - 0x00007ff8d4b67000 	C:\Program Files\Java\jdk-17.0.18\bin\jsvml.dll
0x00007ff939710000 - 0x00007ff939e6f000 	C:\WINDOWS\System32\SHELL32.dll
0x00007ff937300000 - 0x00007ff93746a000 	C:\WINDOWS\System32\wintypes.dll
0x00007ff936a90000 - 0x00007ff9372f4000 	C:\WINDOWS\System32\windows.storage.dll
0x00007ff9395c0000 - 0x00007ff9396b7000 	C:\WINDOWS\System32\SHCORE.dll
0x00007ff937c60000 - 0x00007ff937cc7000 	C:\WINDOWS\System32\shlwapi.dll
0x00007ff9366c0000 - 0x00007ff9366e9000 	C:\WINDOWS\SYSTEM32\profapi.dll
0x00007ff903060000 - 0x00007ff903078000 	C:\Program Files\Java\jdk-17.0.18\bin\zip.dll
0x00007ff908230000 - 0x00007ff90824b000 	C:\Program Files\Java\jdk-17.0.18\bin\net.dll
0x00007ff926900000 - 0x00007ff926a27000 	C:\WINDOWS\SYSTEM32\WINHTTP.dll
0x00007ff935bc0000 - 0x00007ff935c2b000 	C:\WINDOWS\system32\mswsock.dll
0x00007ff9081c0000 - 0x00007ff9081d6000 	C:\Program Files\Java\jdk-17.0.18\bin\nio.dll
0x00007ff925dd0000 - 0x00007ff925de0000 	C:\Program Files\Java\jdk-17.0.18\bin\verify.dll
0x00007ff9251b0000 - 0x00007ff9251d7000 	C:\Users\US\.gradle\native\1def1411415f61bf3af743bc5b6707747c0891f09f0c88961ee8f79bc544acac\windows-amd64\native-platform.dll
0x0000000069c20000 - 0x0000000069c93000 	C:\Users\US\.gradle\native\0.2.5\x86_64-windows-gnu\gradle-fileevents.dll
0x00007ff931d50000 - 0x00007ff931d5a000 	C:\Program Files\Java\jdk-17.0.18\bin\management.dll
0x00007ff931d00000 - 0x00007ff931d0c000 	C:\Program Files\Java\jdk-17.0.18\bin\management_ext.dll
0x00007ff935ea0000 - 0x00007ff935ebb000 	C:\WINDOWS\SYSTEM32\CRYPTSP.dll
0x00007ff935500000 - 0x00007ff935539000 	C:\WINDOWS\system32\rsaenh.dll
0x00007ff935c70000 - 0x00007ff935ca2000 	C:\WINDOWS\SYSTEM32\USERENV.dll
0x00007ff936690000 - 0x00007ff9366ba000 	C:\WINDOWS\SYSTEM32\bcrypt.dll
0x00007ff935ec0000 - 0x00007ff935ecc000 	C:\WINDOWS\SYSTEM32\CRYPTBASE.dll
0x00007ff934f20000 - 0x00007ff934f53000 	C:\WINDOWS\SYSTEM32\IPHLPAPI.DLL
0x00007ff938080000 - 0x00007ff93808a000 	C:\WINDOWS\System32\NSI.dll
0x00007ff92d8d0000 - 0x00007ff92d8ed000 	C:\WINDOWS\SYSTEM32\dhcpcsvc6.DLL
0x00007ff92d8a0000 - 0x00007ff92d8c3000 	C:\WINDOWS\SYSTEM32\dhcpcsvc.DLL
0x00007ff934fe0000 - 0x00007ff93510a000 	C:\WINDOWS\SYSTEM32\DNSAPI.dll
0x00007ff9251e0000 - 0x00007ff9251ee000 	C:\Program Files\Java\jdk-17.0.18\bin\sunmscapi.dll
0x00007ff936910000 - 0x00007ff936a87000 	C:\WINDOWS\System32\CRYPT32.dll
0x00007ff9360c0000 - 0x00007ff9360f0000 	C:\WINDOWS\SYSTEM32\ncrypt.dll
0x00007ff936070000 - 0x00007ff9360af000 	C:\WINDOWS\SYSTEM32\NTASN1.dll
0x00007ff922e20000 - 0x00007ff922e28000 	C:\WINDOWS\system32\wshunix.dll
0x0000000069ba0000 - 0x0000000069c13000 	C:\Users\US\AppData\Local\Temp\native-platform16391021979251606319dir\gradle-fileevents.dll

dbghelp: loaded successfully - version: 4.0.5 - missing functions: none
symbol engine: initialized successfully - sym options: 0x614 - pdb path: .;C:\Program Files\Java\jdk-17.0.18\bin;C:\WINDOWS\SYSTEM32;C:\WINDOWS\WinSxS\amd64_microsoft.windows.common-controls_6595b64144ccf1df_6.0.26100.8037_none_3e092faae333b53b;C:\Program Files\Java\jdk-17.0.18\bin\server;C:\Users\US\.gradle\native\1def1411415f61bf3af743bc5b6707747c0891f09f0c88961ee8f79bc544acac\windows-amd64;C:\Users\US\.gradle\native\0.2.5\x86_64-windows-gnu;C:\Users\US\AppData\Local\Temp\native-platform16391021979251606319dir

VM Arguments:
jvm_args: --add-opens=java.base/java.lang=ALL-UNNAMED --add-opens=java.base/java.lang.invoke=ALL-UNNAMED --add-opens=java.base/java.util=ALL-UNNAMED --add-opens=java.prefs/java.util.prefs=ALL-UNNAMED --add-exports=jdk.compiler/com.sun.tools.javac.api=ALL-UNNAMED --add-exports=jdk.compiler/com.sun.tools.javac.util=ALL-UNNAMED --add-opens=java.base/java.util=ALL-UNNAMED --add-opens=java.prefs/java.util.prefs=ALL-UNNAMED --add-opens=java.base/java.nio.charset=ALL-UNNAMED --add-opens=java.base/java.net=ALL-UNNAMED --add-opens=java.base/java.util.concurrent.atomic=ALL-UNNAMED --add-opens=java.xml/javax.xml.namespace=ALL-UNNAMED -XX:MaxMetaspaceSize=4G -XX:ReservedCodeCacheSize=512m -XX:+HeapDumpOnOutOfMemoryError -Xmx8G -Dfile.encoding=UTF-8 -Duser.country=US -Duser.language=en -Duser.variant -javaagent:C:\Users\US\.gradle\wrapper\dists\gradle-8.12-all\ejduaidbjup3bmmkhw3rie4zb\gradle-8.12\lib\agents\gradle-instrumentation-agent-8.12.jar 
java_command: org.gradle.launcher.daemon.bootstrap.GradleDaemon 8.12
java_class_path (initial): C:\Users\US\.gradle\wrapper\dists\gradle-8.12-all\ejduaidbjup3bmmkhw3rie4zb\gradle-8.12\lib\gradle-daemon-main-8.12.jar
Launcher Type: SUN_STANDARD

[Global flags]
     intx CICompilerCount                          = 12                                        {product} {ergonomic}
     uint ConcGCThreads                            = 3                                         {product} {ergonomic}
     uint G1ConcRefinementThreads                  = 13                                        {product} {ergonomic}
   size_t G1HeapRegionSize                         = 4194304                                   {product} {ergonomic}
    uintx GCDrainStackTargetSize                   = 64                                        {product} {ergonomic}
     bool HeapDumpOnOutOfMemoryError               = true                                   {manageable} {command line}
   size_t InitialHeapSize                          = 264241152                                 {product} {ergonomic}
   size_t MarkStackSize                            = 4194304                                   {product} {ergonomic}
   size_t MaxHeapSize                              = 8589934592                                {product} {command line}
   size_t MaxMetaspaceSize                         = 4294967296                                {product} {command line}
   size_t MaxNewSize                               = 5150605312                                {product} {ergonomic}
   size_t MinHeapDeltaBytes                        = 4194304                                   {product} {ergonomic}
   size_t MinHeapSize                              = 8388608                                   {product} {ergonomic}
    uintx NonNMethodCodeHeapSize                   = 7602480                                {pd product} {ergonomic}
    uintx NonProfiledCodeHeapSize                  = 264634216                              {pd product} {ergonomic}
    uintx ProfiledCodeHeapSize                     = 264634216                              {pd product} {ergonomic}
    uintx ReservedCodeCacheSize                    = 536870912                              {pd product} {command line}
     bool SegmentedCodeCache                       = true                                      {product} {ergonomic}
   size_t SoftMaxHeapSize                          = 8589934592                             {manageable} {ergonomic}
   double SweeperThreshold                         = 0.234375                                  {product} {ergonomic}
     bool UseCompressedClassPointers               = true                           {product lp64_product} {ergonomic}
     bool UseCompressedOops                        = true                           {product lp64_product} {ergonomic}
     bool UseG1GC                                  = true                                      {product} {ergonomic}
     bool UseLargePagesIndividualAllocation        = false                                  {pd product} {ergonomic}

Logging:
Log output configuration:
 #0: stdout all=warning uptime,level,tags
 #1: stderr all=off uptime,level,tags

Environment Variables:
JAVA_HOME=C:\Program Files\Java\jdk-17.0.18
PATH=C:\Users\US\AppData\Local\Programs\Microsoft VS Code;C:\Program Files\Java\jdk-17.0.18\bin;C:\Program Files\Java\jdk-17.0.18\bin;E:\oracle\app\oracle\product\11.2.0\server\bin;D:\siddhartha\Downloads\apache-maven-3.9.12-bin\bin;C:\WINDOWS\system32;C:\WINDOWS;C:\WINDOWS\System32\Wbem;C:\WINDOWS\System32\WindowsPowerShell\v1.0\;C:\WINDOWS\System32\OpenSSH\;C:\Program Files\Microsoft SQL Server\150\Tools\Binn\;C:\Program Files\MySQL\MySQL Server 9.0\bin;C:\ProgramData\chocolatey\bin;C:\Users\US\AppData\Roaming\Microsoft\Windows\Start Menu\Programs\MongoDB Inc\MongoDB\Server\8.0\bin;C:\Program Files\Git\cmd;D:\siddhartha\Downloads\flutter_windows_3.35.1-stable\flutter\bin;D:\siddhartha\Downloads\commandlinetools-win-13114758_latest;D:\siddhartha\Downloads\dairy_farm_app\android;C:\Android\cmdline-tools\latest\bin;C:\Android\platform-tools;C:\Android\tools\bin;C:\Users\US\AppData\Local\Pub\Cache\bin;C:\Program Files\nodejs\;C:\Users\US\AppData\Local\Programs\Python\Python313\Scripts\;C:\Users\US\AppData\Local\Programs\Python\Python313\;C:\Android\Sdk\platform-tools;C:\Android\Sdk\cmdline-tools\bin;C:\Program Files\Java\jdk-17.0.18\bin;C:\Program Files\Java\jdk-17.0.18\bin;E:\oracle\app\oracle\product\11.2.0\server\bin;D:\siddhartha\Downloads\apache-maven-3.9.12-bin\bin;C:\WINDOWS\system32;C:\WINDOWS;C:\WINDOWS\System32\Wbem;C:\WINDOWS\System32\WindowsPowerShell\v1.0\;C:\WINDOWS\System32\OpenSSH\;C:\Program Files\Microsoft SQL Server\150\Tools\Binn\;C:\Program Files\MySQL\MySQL Server 9.0\bin;C:\ProgramData\chocolatey\bin;C:\Users\US\AppData\Roaming\Microsoft\Windows\Start Menu\Programs\MongoDB Inc\MongoDB\Server\8.0\bin;C:\Program Files\Git\cmd;D:\siddhartha\Downloads\flutter_windows_3.35.1-stable\flutter\bin;D:\siddhartha\Downloads\commandlinetools-win-13114758_latest;D:\siddhartha\Downloads\dairy_farm_app\android;C:\Android\cmdline-tools\latest\bin;C:\Android\platform-tools;C:\Android\tools\bin;C:\Users\US\AppData\Local\Pub\Cache\bin;C:\Program Files\nodejs\;;C:\User
USERNAME=US
OS=Windows_NT
PROCESSOR_IDENTIFIER=Intel64 Family 6 Model 154 Stepping 3, GenuineIntel



---------------  S Y S T E M  ---------------

OS:
 Windows 11 , 64 bit Build 26100 (10.0.26100.7920)
OS uptime: 1 days 6:43 hours
Hyper-V role detected

CPU: total 16 (initial active 16) (8 cores per cpu, 2 threads per core) family 6 model 154 stepping 3 microcode 0x432, cx8, cmov, fxsr, ht, mmx, 3dnowpref, sse, sse2, sse3, ssse3, sse4.1, sse4.2, popcnt, lzcnt, tsc, tscinvbit, avx, avx2, aes, erms, clmul, bmi1, bmi2, adx, sha, fma, vzeroupper, clflush, clflushopt, clwb, hv

Memory: 4k page, system-wide physical 16004M (477M free)
TotalPageFile size 22327M (AvailPageFile size 7M)
current process WorkingSet (physical memory assigned to process): 218M, peak: 225M
current process commit charge ("private bytes"): 442M, peak: 452M

vm_info: Java HotSpot(TM) 64-Bit Server VM (17.0.18+8-LTS-264) for windows-amd64 JRE (17.0.18+8-LTS-264), built on Dec 18 2025 09:51:58 by "mach5run" with MS VC++ 17.13 (VS2022)

END.
