#
# There is insufficient memory for the Java Runtime Environment to continue.
# Native memory allocation (malloc) failed to allocate 200656 bytes. Error detail: Chunk::new
# Possible reasons:
#   The system is out of physical RAM or swap space
#   This process is running with CompressedOops enabled, and the Java Heap may be blocking the growth of the native heap
# Possible solutions:
#   Reduce memory load on the system
#   Increase physical memory or swap space
#   Check if swap backing store is full
#   Decrease Java heap size (-Xmx/-Xms)
#   Decrease number of Java threads
#   Decrease Java thread stack sizes (-Xss)
#   Set larger code cache with -XX:ReservedCodeCacheSize=
#   JVM is running with Zero Based Compressed Oops mode in which the Java heap is
#     placed in the first 32GB address space. The Java Heap base address is the
#     maximum limit for the native heap growth. Please use -XX:HeapBaseMinAddress
#     to set the Java Heap base and to place the Java Heap above 32GB virtual address.
# This output file may be truncated or incomplete.
#
#  Out of Memory Error (arena.cpp:168), pid=2320, tid=23456
#
# JRE version: OpenJDK Runtime Environment Temurin-21.0.10+7 (21.0.10+7) (build 21.0.10+7-LTS)
# Java VM: OpenJDK 64-Bit Server VM Temurin-21.0.10+7 (21.0.10+7-LTS, mixed mode, sharing, tiered, compressed oops, compressed class ptrs, g1 gc, windows-amd64)
# No core dump will be written. Minidumps are not enabled by default on client versions of Windows
#

---------------  S U M M A R Y ------------

Command Line: --add-opens=java.base/java.lang=ALL-UNNAMED --add-opens=java.base/java.lang.invoke=ALL-UNNAMED --add-opens=java.base/java.util=ALL-UNNAMED --add-opens=java.prefs/java.util.prefs=ALL-UNNAMED --add-exports=jdk.compiler/com.sun.tools.javac.api=ALL-UNNAMED --add-exports=jdk.compiler/com.sun.tools.javac.util=ALL-UNNAMED --add-opens=java.base/java.util=ALL-UNNAMED --add-opens=java.prefs/java.util.prefs=ALL-UNNAMED --add-opens=java.base/java.nio.charset=ALL-UNNAMED --add-opens=java.base/java.net=ALL-UNNAMED --add-opens=java.base/java.util.concurrent.atomic=ALL-UNNAMED --add-opens=java.xml/javax.xml.namespace=ALL-UNNAMED -XX:MaxMetaspaceSize=4G -XX:ReservedCodeCacheSize=512m -XX:+HeapDumpOnOutOfMemoryError -Xmx8G -Dfile.encoding=UTF-8 -Duser.country=US -Duser.language=en -Duser.variant -javaagent:C:\Users\US\.gradle\wrapper\dists\gradle-8.12-all\ejduaidbjup3bmmkhw3rie4zb\gradle-8.12\lib\agents\gradle-instrumentation-agent-8.12.jar org.gradle.launcher.daemon.bootstrap.GradleDaemon 8.12

Host: 12th Gen Intel(R) Core(TM) i5-12500H, 16 cores, 15G,  Windows 11 , 64 bit Build 26100 (10.0.26100.7920)
Time: Sun Mar 22 22:54:25 2026 India Standard Time elapsed time: 5.238550 seconds (0d 0h 0m 5s)

---------------  T H R E A D  ---------------

Current thread (0x0000025c77047ab0):  JavaThread "C2 CompilerThread0" daemon [_thread_in_native, id=23456, stack(0x00000063cc200000,0x00000063cc300000) (1024K)]


Current CompileTask:
C2:5238 2823       4       jdk.internal.ref.PhantomCleanable::<init> (49 bytes)

Stack: [0x00000063cc200000,0x00000063cc300000]
Native frames: (J=compiled Java code, j=interpreted, Vv=VM code, C=native code)
V  [jvm.dll+0x6d7a39]
V  [jvm.dll+0x8b4b26]
V  [jvm.dll+0x8b70de]
V  [jvm.dll+0x8b77c3]
V  [jvm.dll+0x284346]
V  [jvm.dll+0xc66ed]
V  [jvm.dll+0xc6c31]
V  [jvm.dll+0x3bec01]
V  [jvm.dll+0x38b162]
V  [jvm.dll+0x38a5aa]
V  [jvm.dll+0x24c560]
V  [jvm.dll+0x24bb40]
V  [jvm.dll+0x1cb34e]
V  [jvm.dll+0x25b85d]
V  [jvm.dll+0x259dea]
V  [jvm.dll+0x3f857e]
V  [jvm.dll+0x85f59d]
V  [jvm.dll+0x6d626d]
C  [ucrtbase.dll+0x37b0]
C  [KERNEL32.DLL+0x2e8d7]
C  [ntdll.dll+0x8c48c]


---------------  P R O C E S S  ---------------

Threads class SMR info:
_java_thread_list=0x0000025c7d7d5a30, length=28, elements={
0x0000025c463c28f0, 0x0000025c742459b0, 0x0000025c74247330, 0x0000025c7424d0c0,
0x0000025c7424fee0, 0x0000025c74251660, 0x0000025c77040080, 0x0000025c77047ab0,
0x0000025c77048550, 0x0000025c77100bf0, 0x0000025c77109ad0, 0x0000025c77372b20,
0x0000025c77374bf0, 0x0000025c77394640, 0x0000025c7c40b000, 0x0000025c77374560,
0x0000025c77373ed0, 0x0000025c77375280, 0x0000025c77373840, 0x0000025c77375910,
0x0000025c77375fa0, 0x0000025c7d37c610, 0x0000025c7d37b8f0, 0x0000025c7d37abd0,
0x0000025c7d379eb0, 0x0000025c7d379820, 0x0000025c7d37bf80, 0x0000025c7d379190
}

Java Threads: ( => current thread )
  0x0000025c463c28f0 JavaThread "main"                              [_thread_blocked, id=10268, stack(0x00000063cb400000,0x00000063cb500000) (1024K)]
  0x0000025c742459b0 JavaThread "Reference Handler"          daemon [_thread_blocked, id=24068, stack(0x00000063cbc00000,0x00000063cbd00000) (1024K)]
  0x0000025c74247330 JavaThread "Finalizer"                  daemon [_thread_blocked, id=9712, stack(0x00000063cbd00000,0x00000063cbe00000) (1024K)]
  0x0000025c7424d0c0 JavaThread "Signal Dispatcher"          daemon [_thread_blocked, id=20388, stack(0x00000063cbe00000,0x00000063cbf00000) (1024K)]
  0x0000025c7424fee0 JavaThread "Attach Listener"            daemon [_thread_blocked, id=3096, stack(0x00000063cbf00000,0x00000063cc000000) (1024K)]
  0x0000025c74251660 JavaThread "Service Thread"             daemon [_thread_blocked, id=7108, stack(0x00000063cc000000,0x00000063cc100000) (1024K)]
  0x0000025c77040080 JavaThread "Monitor Deflation Thread"   daemon [_thread_blocked, id=20728, stack(0x00000063cc100000,0x00000063cc200000) (1024K)]
=>0x0000025c77047ab0 JavaThread "C2 CompilerThread0"         daemon [_thread_in_native, id=23456, stack(0x00000063cc200000,0x00000063cc300000) (1024K)]
  0x0000025c77048550 JavaThread "C1 CompilerThread0"         daemon [_thread_blocked, id=12068, stack(0x00000063cc300000,0x00000063cc400000) (1024K)]
  0x0000025c77100bf0 JavaThread "C1 CompilerThread1"         daemon [_thread_blocked, id=5288, stack(0x00000063cc400000,0x00000063cc500000) (1024K)]
  0x0000025c77109ad0 JavaThread "C1 CompilerThread2"         daemon [_thread_blocked, id=22760, stack(0x00000063cc500000,0x00000063cc600000) (1024K)]
  0x0000025c77372b20 JavaThread "Common-Cleaner"             daemon [_thread_blocked, id=24752, stack(0x00000063cc600000,0x00000063cc700000) (1024K)]
  0x0000025c77374bf0 JavaThread "Notification Thread"        daemon [_thread_blocked, id=26656, stack(0x00000063cc700000,0x00000063cc800000) (1024K)]
  0x0000025c77394640 JavaThread "C2 CompilerThread1"         daemon [_thread_in_native, id=7680, stack(0x00000063cc800000,0x00000063cc900000) (1024K)]
  0x0000025c7c40b000 JavaThread "C1 CompilerThread3"         daemon [_thread_blocked, id=22912, stack(0x00000063cd100000,0x00000063cd200000) (1024K)]
  0x0000025c77374560 JavaThread "Daemon health stats"               [_thread_blocked, id=27052, stack(0x00000063ccf00000,0x00000063cd000000) (1024K)]
  0x0000025c77373ed0 JavaThread "Incoming local TCP Connector on port 56480"        [_thread_in_native, id=5228, stack(0x00000063cd000000,0x00000063cd100000) (1024K)]
  0x0000025c77375280 JavaThread "Daemon periodic checks"            [_thread_blocked, id=10120, stack(0x00000063cd300000,0x00000063cd400000) (1024K)]
  0x0000025c77373840 JavaThread "Daemon"                            [_thread_blocked, id=12612, stack(0x00000063cd400000,0x00000063cd500000) (1024K)]
  0x0000025c77375910 JavaThread "Handler for socket connection from /127.0.0.1:56480 to /127.0.0.1:56481"        [_thread_in_native, id=10072, stack(0x00000063cd500000,0x00000063cd600000) (1024K)]
  0x0000025c77375fa0 JavaThread "Cancel handler"                    [_thread_blocked, id=12580, stack(0x00000063cd600000,0x00000063cd700000) (1024K)]
  0x0000025c7d37c610 JavaThread "Daemon worker"                     [_thread_in_native, id=8864, stack(0x00000063cd700000,0x00000063cd800000) (1024K)]
  0x0000025c7d37b8f0 JavaThread "Asynchronous log dispatcher for DefaultDaemonConnection: socket connection from /127.0.0.1:56480 to /127.0.0.1:56481"        [_thread_blocked, id=8312, stack(0x00000063cd800000,0x00000063cd900000) (1024K)]
  0x0000025c7d37abd0 JavaThread "Stdin handler"                     [_thread_blocked, id=20688, stack(0x00000063cd900000,0x00000063cda00000) (1024K)]
  0x0000025c7d379eb0 JavaThread "Daemon client event forwarder"        [_thread_blocked, id=27448, stack(0x00000063cda00000,0x00000063cdb00000) (1024K)]
  0x0000025c7d379820 JavaThread "Cache worker for journal cache (C:\Users\US\.gradle\caches\journal-1)"        [_thread_blocked, id=17316, stack(0x00000063cd200000,0x00000063cd300000) (1024K)]
  0x0000025c7d37bf80 JavaThread "File lock request listener"        [_thread_in_native, id=16284, stack(0x00000063cdb00000,0x00000063cdc00000) (1024K)]
  0x0000025c7d379190 JavaThread "Cache worker for file hash cache (C:\Users\US\.gradle\caches\8.12\fileHashes)"        [_thread_blocked, id=2036, stack(0x00000063cdc00000,0x00000063cdd00000) (1024K)]
Total: 28

Other Threads:
  0x0000025c74227730 VMThread "VM Thread"                           [id=17936, stack(0x00000063cbb00000,0x00000063cbc00000) (1024K)]
  0x0000025c742165d0 WatcherThread "VM Periodic Task Thread"        [id=23816, stack(0x00000063cba00000,0x00000063cbb00000) (1024K)]
  0x0000025c4646c4e0 WorkerThread "GC Thread#0"                     [id=10276, stack(0x00000063cb500000,0x00000063cb600000) (1024K)]
  0x0000025c74227e90 WorkerThread "GC Thread#1"                     [id=16208, stack(0x00000063cca00000,0x00000063ccb00000) (1024K)]
  0x0000025c74228240 WorkerThread "GC Thread#2"                     [id=12856, stack(0x00000063ccb00000,0x00000063ccc00000) (1024K)]
  0x0000025c74226870 WorkerThread "GC Thread#3"                     [id=24132, stack(0x00000063ccc00000,0x00000063ccd00000) (1024K)]
  0x0000025c74226c20 WorkerThread "GC Thread#4"                     [id=10308, stack(0x00000063ccd00000,0x00000063cce00000) (1024K)]
  0x0000025c74227380 WorkerThread "GC Thread#5"                     [id=24088, stack(0x00000063cce00000,0x00000063ccf00000) (1024K)]
  0x0000025c77c31cc0 WorkerThread "GC Thread#6"                     [id=16052, stack(0x00000063cc900000,0x00000063cca00000) (1024K)]
  0x0000025c4647d3e0 ConcurrentGCThread "G1 Main Marker"            [id=10932, stack(0x00000063cb600000,0x00000063cb700000) (1024K)]
  0x0000025c4647df60 WorkerThread "G1 Conc#0"                       [id=960, stack(0x00000063cb700000,0x00000063cb800000) (1024K)]
  0x0000025c740e8e00 ConcurrentGCThread "G1 Refine#0"               [id=9584, stack(0x00000063cb800000,0x00000063cb900000) (1024K)]
  0x0000025c740e9890 ConcurrentGCThread "G1 Service"                [id=9516, stack(0x00000063cb900000,0x00000063cba00000) (1024K)]
Total: 13

Threads with active compile tasks:
C2 CompilerThread0  5306 2823       4       jdk.internal.ref.PhantomCleanable::<init> (49 bytes)
C2 CompilerThread1  5306 2801   !   4       java.lang.ClassLoader::loadClass (121 bytes)
Total: 2

VM state: not at safepoint (normal execution)

VM Mutex/Monitor currently owned by a thread: None

Heap address: 0x0000000600000000, size: 8192 MB, Compressed Oops mode: Zero based, Oop shift amount: 3

CDS archive(s) mapped at: [0x0000025c00000000-0x0000025c00ba0000-0x0000025c00ba0000), size 12189696, SharedBaseAddress: 0x0000025c00000000, ArchiveRelocationMode: 1.
Compressed class space mapped at: 0x0000025c01000000-0x0000025c41000000, reserved size: 1073741824
Narrow klass base: 0x0000025c00000000, Narrow klass shift: 0, Narrow klass range: 0x100000000

GC Precious Log:
 CardTable entry size: 512
 Card Set container configuration: InlinePtr #cards 4 size 8 Array Of Cards #cards 32 size 80 Howl #buckets 8 coarsen threshold 7372 Howl Bitmap #cards 1024 size 144 coarsen threshold 921 Card regions per heap region 1 cards per card region 8192
 CPUs: 16 total, 16 available
 Memory: 16004M
 Large Page Support: Disabled
 NUMA Support: Disabled
 Compressed Oops: Enabled (Zero based)
 Heap Region Size: 4M
 Heap Min Capacity: 8M
 Heap Initial Capacity: 252M
 Heap Max Capacity: 8G
 Pre-touch: Disabled
 Parallel Workers: 13
 Concurrent Workers: 3
 Concurrent Refinement Workers: 13
 Periodic GC: Disabled

Heap:
 garbage-first heap   total 258048K, used 58713K [0x0000000600000000, 0x0000000800000000)
  region size 4096K, 14 young (57344K), 2 survivors (8192K)
 Metaspace       used 15464K, committed 15936K, reserved 1114112K
  class space    used 2150K, committed 2368K, reserved 1048576K

Heap Regions: E=young(eden), S=young(survivor), O=old, HS=humongous(starts), HC=humongous(continues), CS=collection set, F=free, TAMS=top-at-mark-start, PB=parsable bottom
|   0|0x0000000600000000, 0x0000000600400000, 0x0000000600400000|100%|HS|  |TAMS 0x0000000600000000| PB 0x0000000600000000| Complete 
|   1|0x0000000600400000, 0x0000000600800000, 0x0000000600800000|100%| O|  |TAMS 0x0000000600400000| PB 0x0000000600400000| Untracked 
|   2|0x0000000600800000, 0x0000000600b473a8, 0x0000000600c00000| 81%| O|  |TAMS 0x0000000600800000| PB 0x0000000600800000| Untracked 
|   3|0x0000000600c00000, 0x0000000600c00000, 0x0000000601000000|  0%| F|  |TAMS 0x0000000600c00000| PB 0x0000000600c00000| Untracked 
|   4|0x0000000601000000, 0x0000000601000000, 0x0000000601400000|  0%| F|  |TAMS 0x0000000601000000| PB 0x0000000601000000| Untracked 
|   5|0x0000000601400000, 0x0000000601400000, 0x0000000601800000|  0%| F|  |TAMS 0x0000000601400000| PB 0x0000000601400000| Untracked 
|   6|0x0000000601800000, 0x0000000601800000, 0x0000000601c00000|  0%| F|  |TAMS 0x0000000601800000| PB 0x0000000601800000| Untracked 
|   7|0x0000000601c00000, 0x0000000601c00000, 0x0000000602000000|  0%| F|  |TAMS 0x0000000601c00000| PB 0x0000000601c00000| Untracked 
|   8|0x0000000602000000, 0x0000000602000000, 0x0000000602400000|  0%| F|  |TAMS 0x0000000602000000| PB 0x0000000602000000| Untracked 
|   9|0x0000000602400000, 0x0000000602400000, 0x0000000602800000|  0%| F|  |TAMS 0x0000000602400000| PB 0x0000000602400000| Untracked 
|  10|0x0000000602800000, 0x0000000602800000, 0x0000000602c00000|  0%| F|  |TAMS 0x0000000602800000| PB 0x0000000602800000| Untracked 
|  11|0x0000000602c00000, 0x0000000602c00000, 0x0000000603000000|  0%| F|  |TAMS 0x0000000602c00000| PB 0x0000000602c00000| Untracked 
|  12|0x0000000603000000, 0x0000000603000000, 0x0000000603400000|  0%| F|  |TAMS 0x0000000603000000| PB 0x0000000603000000| Untracked 
|  13|0x0000000603400000, 0x0000000603400000, 0x0000000603800000|  0%| F|  |TAMS 0x0000000603400000| PB 0x0000000603400000| Untracked 
|  14|0x0000000603800000, 0x0000000603800000, 0x0000000603c00000|  0%| F|  |TAMS 0x0000000603800000| PB 0x0000000603800000| Untracked 
|  15|0x0000000603c00000, 0x0000000603c00000, 0x0000000604000000|  0%| F|  |TAMS 0x0000000603c00000| PB 0x0000000603c00000| Untracked 
|  16|0x0000000604000000, 0x0000000604000000, 0x0000000604400000|  0%| F|  |TAMS 0x0000000604000000| PB 0x0000000604000000| Untracked 
|  17|0x0000000604400000, 0x0000000604400000, 0x0000000604800000|  0%| F|  |TAMS 0x0000000604400000| PB 0x0000000604400000| Untracked 
|  18|0x0000000604800000, 0x0000000604800000, 0x0000000604c00000|  0%| F|  |TAMS 0x0000000604800000| PB 0x0000000604800000| Untracked 
|  19|0x0000000604c00000, 0x0000000604c00000, 0x0000000605000000|  0%| F|  |TAMS 0x0000000604c00000| PB 0x0000000604c00000| Untracked 
|  20|0x0000000605000000, 0x0000000605000000, 0x0000000605400000|  0%| F|  |TAMS 0x0000000605000000| PB 0x0000000605000000| Untracked 
|  21|0x0000000605400000, 0x0000000605400000, 0x0000000605800000|  0%| F|  |TAMS 0x0000000605400000| PB 0x0000000605400000| Untracked 
|  22|0x0000000605800000, 0x0000000605800000, 0x0000000605c00000|  0%| F|  |TAMS 0x0000000605800000| PB 0x0000000605800000| Untracked 
|  23|0x0000000605c00000, 0x0000000605c00000, 0x0000000606000000|  0%| F|  |TAMS 0x0000000605c00000| PB 0x0000000605c00000| Untracked 
|  24|0x0000000606000000, 0x0000000606000000, 0x0000000606400000|  0%| F|  |TAMS 0x0000000606000000| PB 0x0000000606000000| Untracked 
|  25|0x0000000606400000, 0x0000000606400000, 0x0000000606800000|  0%| F|  |TAMS 0x0000000606400000| PB 0x0000000606400000| Untracked 
|  26|0x0000000606800000, 0x0000000606800000, 0x0000000606c00000|  0%| F|  |TAMS 0x0000000606800000| PB 0x0000000606800000| Untracked 
|  27|0x0000000606c00000, 0x0000000606c00000, 0x0000000607000000|  0%| F|  |TAMS 0x0000000606c00000| PB 0x0000000606c00000| Untracked 
|  28|0x0000000607000000, 0x0000000607000000, 0x0000000607400000|  0%| F|  |TAMS 0x0000000607000000| PB 0x0000000607000000| Untracked 
|  29|0x0000000607400000, 0x0000000607400000, 0x0000000607800000|  0%| F|  |TAMS 0x0000000607400000| PB 0x0000000607400000| Untracked 
|  30|0x0000000607800000, 0x0000000607800000, 0x0000000607c00000|  0%| F|  |TAMS 0x0000000607800000| PB 0x0000000607800000| Untracked 
|  31|0x0000000607c00000, 0x0000000607c00000, 0x0000000608000000|  0%| F|  |TAMS 0x0000000607c00000| PB 0x0000000607c00000| Untracked 
|  32|0x0000000608000000, 0x0000000608000000, 0x0000000608400000|  0%| F|  |TAMS 0x0000000608000000| PB 0x0000000608000000| Untracked 
|  33|0x0000000608400000, 0x0000000608400000, 0x0000000608800000|  0%| F|  |TAMS 0x0000000608400000| PB 0x0000000608400000| Untracked 
|  34|0x0000000608800000, 0x0000000608800000, 0x0000000608c00000|  0%| F|  |TAMS 0x0000000608800000| PB 0x0000000608800000| Untracked 
|  35|0x0000000608c00000, 0x0000000608c00000, 0x0000000609000000|  0%| F|  |TAMS 0x0000000608c00000| PB 0x0000000608c00000| Untracked 
|  36|0x0000000609000000, 0x0000000609000000, 0x0000000609400000|  0%| F|  |TAMS 0x0000000609000000| PB 0x0000000609000000| Untracked 
|  37|0x0000000609400000, 0x0000000609400000, 0x0000000609800000|  0%| F|  |TAMS 0x0000000609400000| PB 0x0000000609400000| Untracked 
|  38|0x0000000609800000, 0x0000000609800000, 0x0000000609c00000|  0%| F|  |TAMS 0x0000000609800000| PB 0x0000000609800000| Untracked 
|  39|0x0000000609c00000, 0x0000000609c00000, 0x000000060a000000|  0%| F|  |TAMS 0x0000000609c00000| PB 0x0000000609c00000| Untracked 
|  40|0x000000060a000000, 0x000000060a000000, 0x000000060a400000|  0%| F|  |TAMS 0x000000060a000000| PB 0x000000060a000000| Untracked 
|  41|0x000000060a400000, 0x000000060a400000, 0x000000060a800000|  0%| F|  |TAMS 0x000000060a400000| PB 0x000000060a400000| Untracked 
|  42|0x000000060a800000, 0x000000060a800000, 0x000000060ac00000|  0%| F|  |TAMS 0x000000060a800000| PB 0x000000060a800000| Untracked 
|  43|0x000000060ac00000, 0x000000060ac00000, 0x000000060b000000|  0%| F|  |TAMS 0x000000060ac00000| PB 0x000000060ac00000| Untracked 
|  44|0x000000060b000000, 0x000000060b000000, 0x000000060b400000|  0%| F|  |TAMS 0x000000060b000000| PB 0x000000060b000000| Untracked 
|  45|0x000000060b400000, 0x000000060b400000, 0x000000060b800000|  0%| F|  |TAMS 0x000000060b400000| PB 0x000000060b400000| Untracked 
|  46|0x000000060b800000, 0x000000060b800000, 0x000000060bc00000|  0%| F|  |TAMS 0x000000060b800000| PB 0x000000060b800000| Untracked 
|  47|0x000000060bc00000, 0x000000060bc00000, 0x000000060c000000|  0%| F|  |TAMS 0x000000060bc00000| PB 0x000000060bc00000| Untracked 
|  48|0x000000060c000000, 0x000000060c20f1c8, 0x000000060c400000| 51%| S|CS|TAMS 0x000000060c000000| PB 0x000000060c000000| Complete 
|  49|0x000000060c400000, 0x000000060c800000, 0x000000060c800000|100%| S|CS|TAMS 0x000000060c400000| PB 0x000000060c400000| Complete 
|  50|0x000000060c800000, 0x000000060c800000, 0x000000060cc00000|  0%| F|  |TAMS 0x000000060c800000| PB 0x000000060c800000| Untracked 
|  51|0x000000060cc00000, 0x000000060cffe678, 0x000000060d000000| 99%| E|  |TAMS 0x000000060cc00000| PB 0x000000060cc00000| Complete 
|  52|0x000000060d000000, 0x000000060d400000, 0x000000060d400000|100%| E|CS|TAMS 0x000000060d000000| PB 0x000000060d000000| Complete 
|  53|0x000000060d400000, 0x000000060d800000, 0x000000060d800000|100%| E|CS|TAMS 0x000000060d400000| PB 0x000000060d400000| Complete 
|  54|0x000000060d800000, 0x000000060dc00000, 0x000000060dc00000|100%| E|CS|TAMS 0x000000060d800000| PB 0x000000060d800000| Complete 
|  55|0x000000060dc00000, 0x000000060e000000, 0x000000060e000000|100%| E|CS|TAMS 0x000000060dc00000| PB 0x000000060dc00000| Complete 
|  56|0x000000060e000000, 0x000000060e400000, 0x000000060e400000|100%| E|CS|TAMS 0x000000060e000000| PB 0x000000060e000000| Complete 
|  57|0x000000060e400000, 0x000000060e800000, 0x000000060e800000|100%| E|CS|TAMS 0x000000060e400000| PB 0x000000060e400000| Complete 
|  58|0x000000060e800000, 0x000000060ec00000, 0x000000060ec00000|100%| E|CS|TAMS 0x000000060e800000| PB 0x000000060e800000| Complete 
|  59|0x000000060ec00000, 0x000000060f000000, 0x000000060f000000|100%| E|CS|TAMS 0x000000060ec00000| PB 0x000000060ec00000| Complete 
|  60|0x000000060f000000, 0x000000060f400000, 0x000000060f400000|100%| E|  |TAMS 0x000000060f000000| PB 0x000000060f000000| Complete 
|  61|0x000000060f400000, 0x000000060f800000, 0x000000060f800000|100%| E|CS|TAMS 0x000000060f400000| PB 0x000000060f400000| Complete 
|  62|0x000000060f800000, 0x000000060fc00000, 0x000000060fc00000|100%| E|CS|TAMS 0x000000060f800000| PB 0x000000060f800000| Complete 

Card table byte_map: [0x0000025c6b060000,0x0000025c6c060000] _byte_map_base: 0x0000025c68060000

Marking Bits: (CMBitMap*) 0x0000025c4646cb00
 Bits: [0x0000025c6c060000, 0x0000025c74060000)

Polling page: 0x0000025c44190000

Metaspace:

Usage:
  Non-class:     13.01 MB used.
      Class:      2.10 MB used.
       Both:     15.11 MB used.

Virtual space:
  Non-class space:       64.00 MB reserved,      13.25 MB ( 21%) committed,  1 nodes.
      Class space:        1.00 GB reserved,       2.31 MB ( <1%) committed,  1 nodes.
             Both:        1.06 GB reserved,      15.56 MB (  1%) committed. 

Chunk freelists:
   Non-Class:  2.66 MB
       Class:  13.71 MB
        Both:  16.37 MB

MaxMetaspaceSize: 4.00 GB
CompressedClassSpaceSize: 1.00 GB
Initial GC threshold: 21.00 MB
Current GC threshold: 21.00 MB
CDS: on
 - commit_granule_bytes: 65536.
 - commit_granule_words: 8192.
 - virtual_space_node_default_size: 8388608.
 - enlarge_chunks_in_place: 1.
 - use_allocation_guard: 0.


Internal statistics:

num_allocs_failed_limit: 0.
num_arena_births: 556.
num_arena_deaths: 0.
num_vsnodes_births: 2.
num_vsnodes_deaths: 0.
num_space_committed: 249.
num_space_uncommitted: 0.
num_chunks_returned_to_freelist: 0.
num_chunks_taken_from_freelist: 1077.
num_chunk_merges: 0.
num_chunk_splits: 705.
num_chunks_enlarged: 495.
num_inconsistent_stats: 0.

CodeHeap 'non-profiled nmethods': size=258432Kb used=1320Kb max_used=1320Kb free=257111Kb
 bounds [0x0000025c59960000, 0x0000025c59bd0000, 0x0000025c695c0000]
CodeHeap 'profiled nmethods': size=258368Kb used=5858Kb max_used=5858Kb free=252509Kb
 bounds [0x0000025c495c0000, 0x0000025c49b80000, 0x0000025c59210000]
CodeHeap 'non-nmethods': size=7488Kb used=3089Kb max_used=3113Kb free=4398Kb
 bounds [0x0000025c59210000, 0x0000025c59520000, 0x0000025c59960000]
CodeCache: size=524288Kb, used=10267Kb, max_used=10291Kb, free=514018Kb
 total_blobs=3411, nmethods=2852, adapters=460, full_count=0
Compilation: enabled, stopped_count=0, restarted_count=0

Compilation events (20 events):
Event: 5.154 Thread 0x0000025c77047ab0 nmethod 2813 0x0000025c59aa8d10 code [0x0000025c59aa8ea0, 0x0000025c59aa8f28]
Event: 5.167 Thread 0x0000025c77100bf0 2814       3       java.lang.invoke.DirectMethodHandle::rebind (5 bytes)
Event: 5.167 Thread 0x0000025c77100bf0 nmethod 2814 0x0000025c49b52490 code [0x0000025c49b52640, 0x0000025c49b52778]
Event: 5.168 Thread 0x0000025c7c40b000 2815       3       org.gradle.internal.service.DefaultServiceRegistry::assertValidServiceType (51 bytes)
Event: 5.168 Thread 0x0000025c77048550 2816       3       org.gradle.internal.service.DefaultServiceRegistry::find (151 bytes)
Event: 5.168 Thread 0x0000025c77109ad0 2817       3       org.gradle.internal.service.DefaultServiceRegistry::isSatisfiedBy (44 bytes)
Event: 5.168 Thread 0x0000025c77100bf0 2818       3       org.gradle.internal.service.DefaultServiceRegistry$SingletonService::getService (33 bytes)
Event: 5.169 Thread 0x0000025c77100bf0 nmethod 2818 0x0000025c49b52810 code [0x0000025c49b52a00, 0x0000025c49b52d90]
Event: 5.169 Thread 0x0000025c7c40b000 nmethod 2815 0x0000025c49b52f10 code [0x0000025c49b53120, 0x0000025c49b53678]
Event: 5.170 Thread 0x0000025c77109ad0 nmethod 2817 0x0000025c49b53890 code [0x0000025c49b53aa0, 0x0000025c49b541f8]
Event: 5.170 Thread 0x0000025c77109ad0 2820       3       org.gradle.internal.service.DefaultServiceRegistry::isSatisfiedByAny (41 bytes)
Event: 5.170 Thread 0x0000025c77100bf0 2819       3       org.gradle.internal.service.DefaultServiceRegistry::access$1900 (6 bytes)
Event: 5.170 Thread 0x0000025c77100bf0 nmethod 2819 0x0000025c49b54310 code [0x0000025c49b544c0, 0x0000025c49b545d8]
Event: 5.171 Thread 0x0000025c77109ad0 nmethod 2820 0x0000025c49b54690 code [0x0000025c49b548a0, 0x0000025c49b54e38]
Event: 5.173 Thread 0x0000025c77048550 nmethod 2816 0x0000025c49b55010 code [0x0000025c49b55400, 0x0000025c49b570a8]
Event: 5.198 Thread 0x0000025c77047ab0 2821       4       java.util.concurrent.locks.ReentrantLock$Sync::tryRelease (51 bytes)
Event: 5.201 Thread 0x0000025c77047ab0 nmethod 2821 0x0000025c59aa9010 code [0x0000025c59aa91a0, 0x0000025c59aa92d0]
Event: 5.211 Thread 0x0000025c77047ab0 2822       4       jdk.internal.util.ArraysSupport::mismatch (103 bytes)
Event: 5.218 Thread 0x0000025c77047ab0 nmethod 2822 0x0000025c59aa9390 code [0x0000025c59aa9520, 0x0000025c59aa9778]
Event: 5.218 Thread 0x0000025c77047ab0 2823       4       jdk.internal.ref.PhantomCleanable::<init> (49 bytes)

GC Heap History (6 events):
Event: 0.675 GC heap before
{Heap before GC invocations=0 (full 0):
 garbage-first heap   total 258048K, used 20480K [0x0000000600000000, 0x0000000800000000)
  region size 4096K, 5 young (20480K), 0 survivors (0K)
 Metaspace       used 881K, committed 1024K, reserved 1114112K
  class space    used 71K, committed 128K, reserved 1048576K
}
Event: 0.679 GC heap after
{Heap after GC invocations=1 (full 0):
 garbage-first heap   total 258048K, used 1455K [0x0000000600000000, 0x0000000800000000)
  region size 4096K, 1 young (4096K), 1 survivors (4096K)
 Metaspace       used 881K, committed 1024K, reserved 1114112K
  class space    used 71K, committed 128K, reserved 1048576K
}
Event: 2.220 GC heap before
{Heap before GC invocations=1 (full 0):
 garbage-first heap   total 258048K, used 46511K [0x0000000600000000, 0x0000000800000000)
  region size 4096K, 11 young (45056K), 1 survivors (4096K)
 Metaspace       used 4448K, committed 4672K, reserved 1114112K
  class space    used 559K, committed 640K, reserved 1048576K
}
Event: 2.231 GC heap after
{Heap after GC invocations=2 (full 0):
 garbage-first heap   total 258048K, used 11675K [0x0000000600000000, 0x0000000800000000)
  region size 4096K, 2 young (8192K), 2 survivors (8192K)
 Metaspace       used 4448K, committed 4672K, reserved 1114112K
  class space    used 559K, committed 640K, reserved 1048576K
}
Event: 3.283 GC heap before
{Heap before GC invocations=2 (full 0):
 garbage-first heap   total 258048K, used 56731K [0x0000000600000000, 0x0000000800000000)
  region size 4096K, 13 young (53248K), 2 survivors (8192K)
 Metaspace       used 5757K, committed 6016K, reserved 1114112K
  class space    used 764K, committed 896K, reserved 1048576K
}
Event: 3.299 GC heap after
{Heap after GC invocations=3 (full 0):
 garbage-first heap   total 258048K, used 17753K [0x0000000600000000, 0x0000000800000000)
  region size 4096K, 2 young (8192K), 2 survivors (8192K)
 Metaspace       used 5757K, committed 6016K, reserved 1114112K
  class space    used 764K, committed 896K, reserved 1048576K
}

Dll operation events (14 events):
Event: 0.018 Loaded shared library C:\Users\US\.vscode\extensions\redhat.java-1.53.0-win32-x64\jre\21.0.10-win32-x86_64\bin\java.dll
Event: 0.221 Loaded shared library C:\Users\US\.vscode\extensions\redhat.java-1.53.0-win32-x64\jre\21.0.10-win32-x86_64\bin\zip.dll
Event: 0.256 Loaded shared library C:\Users\US\.vscode\extensions\redhat.java-1.53.0-win32-x64\jre\21.0.10-win32-x86_64\bin\instrument.dll
Event: 0.264 Loaded shared library C:\Users\US\.vscode\extensions\redhat.java-1.53.0-win32-x64\jre\21.0.10-win32-x86_64\bin\net.dll
Event: 0.267 Loaded shared library C:\Users\US\.vscode\extensions\redhat.java-1.53.0-win32-x64\jre\21.0.10-win32-x86_64\bin\nio.dll
Event: 0.272 Loaded shared library C:\Users\US\.vscode\extensions\redhat.java-1.53.0-win32-x64\jre\21.0.10-win32-x86_64\bin\zip.dll
Event: 0.689 Loaded shared library C:\Users\US\.vscode\extensions\redhat.java-1.53.0-win32-x64\jre\21.0.10-win32-x86_64\bin\jimage.dll
Event: 0.936 Loaded shared library C:\Users\US\.vscode\extensions\redhat.java-1.53.0-win32-x64\jre\21.0.10-win32-x86_64\bin\verify.dll
Event: 1.349 Loaded shared library C:\Users\US\.gradle\native\1def1411415f61bf3af743bc5b6707747c0891f09f0c88961ee8f79bc544acac\windows-amd64\native-platform.dll
Event: 1.360 Loaded shared library C:\Users\US\.gradle\native\0.2.5\x86_64-windows-gnu\gradle-fileevents.dll
Event: 3.416 Loaded shared library C:\Users\US\.vscode\extensions\redhat.java-1.53.0-win32-x64\jre\21.0.10-win32-x86_64\bin\management.dll
Event: 3.422 Loaded shared library C:\Users\US\.vscode\extensions\redhat.java-1.53.0-win32-x64\jre\21.0.10-win32-x86_64\bin\management_ext.dll
Event: 3.814 Loaded shared library C:\Users\US\.vscode\extensions\redhat.java-1.53.0-win32-x64\jre\21.0.10-win32-x86_64\bin\extnet.dll
Event: 4.129 Loaded shared library C:\Users\US\.vscode\extensions\redhat.java-1.53.0-win32-x64\jre\21.0.10-win32-x86_64\bin\sunmscapi.dll

Deoptimization events (20 events):
Event: 4.250 Thread 0x0000025c77375910 Uncommon trap: trap_request=0xffffffde fr.pc=0x0000025c59a379d8 relative=0x00000000000002f8
Event: 4.250 Thread 0x0000025c77375910 Uncommon trap: reason=class_check action=maybe_recompile pc=0x0000025c59a379d8 method=java.util.regex.Pattern$BmpCharPropertyGreedy.match(Ljava/util/regex/Matcher;ILjava/lang/CharSequence;)Z @ 26 c2
Event: 4.250 Thread 0x0000025c77375910 DEOPT PACKING pc=0x0000025c59a379d8 sp=0x00000063cd5fd6f0
Event: 4.250 Thread 0x0000025c77375910 DEOPT UNPACKING pc=0x0000025c59264422 sp=0x00000063cd5fd688 mode 2
Event: 4.296 Thread 0x0000025c7d37c610 Uncommon trap: trap_request=0xffffff6e fr.pc=0x0000025c59a23aac relative=0x00000000000003ec
Event: 4.296 Thread 0x0000025c7d37c610 Uncommon trap: reason=loop_limit_check action=maybe_recompile pc=0x0000025c59a23aac method=java.lang.StringLatin1.indexOf([BI[BII)I @ 37 c2
Event: 4.296 Thread 0x0000025c7d37c610 DEOPT PACKING pc=0x0000025c59a23aac sp=0x00000063cd7ff1a0
Event: 4.296 Thread 0x0000025c7d37c610 DEOPT UNPACKING pc=0x0000025c59264422 sp=0x00000063cd7ff100 mode 2
Event: 4.610 Thread 0x0000025c7d37c610 Uncommon trap: trap_request=0xffffff45 fr.pc=0x0000025c59a14ecc relative=0x00000000000001ec
Event: 4.610 Thread 0x0000025c7d37c610 Uncommon trap: reason=unstable_if action=reinterpret pc=0x0000025c59a14ecc method=java.util.HashMap.getNode(Ljava/lang/Object;)Ljava/util/HashMap$Node; @ 66 c2
Event: 4.610 Thread 0x0000025c7d37c610 DEOPT PACKING pc=0x0000025c59a14ecc sp=0x00000063cd7fcb80
Event: 4.610 Thread 0x0000025c7d37c610 DEOPT UNPACKING pc=0x0000025c59264422 sp=0x00000063cd7fcaa0 mode 2
Event: 4.610 Thread 0x0000025c7d37c610 Uncommon trap: trap_request=0xffffff45 fr.pc=0x0000025c599ebca4 relative=0x00000000000001c4
Event: 4.610 Thread 0x0000025c7d37c610 Uncommon trap: reason=unstable_if action=reinterpret pc=0x0000025c599ebca4 method=java.util.HashMap.getNode(Ljava/lang/Object;)Ljava/util/HashMap$Node; @ 66 c2
Event: 4.610 Thread 0x0000025c7d37c610 DEOPT PACKING pc=0x0000025c599ebca4 sp=0x00000063cd7fcb20
Event: 4.610 Thread 0x0000025c7d37c610 DEOPT UNPACKING pc=0x0000025c59264422 sp=0x00000063cd7fcaa0 mode 2
Event: 4.626 Thread 0x0000025c7d37c610 Uncommon trap: trap_request=0xffffff45 fr.pc=0x0000025c599f4834 relative=0x00000000000002f4
Event: 4.626 Thread 0x0000025c7d37c610 Uncommon trap: reason=unstable_if action=reinterpret pc=0x0000025c599f4834 method=java.util.concurrent.ConcurrentHashMap.get(Ljava/lang/Object;)Ljava/lang/Object; @ 152 c2
Event: 4.627 Thread 0x0000025c7d37c610 DEOPT PACKING pc=0x0000025c599f4834 sp=0x00000063cd7fc050
Event: 4.627 Thread 0x0000025c7d37c610 DEOPT UNPACKING pc=0x0000025c59264422 sp=0x00000063cd7fbfb8 mode 2

Classes loaded (20 events):
Event: 5.020 Loading class java/nio/file/attribute/PosixFilePermissions$1
Event: 5.020 Loading class java/nio/file/attribute/PosixFilePermissions$1 done
Event: 5.067 Loading class java/util/concurrent/ArrayBlockingQueue
Event: 5.067 Loading class java/util/concurrent/ArrayBlockingQueue done
Event: 5.067 Loading class java/util/concurrent/locks/ReentrantLock$FairSync
Event: 5.067 Loading class java/util/concurrent/locks/ReentrantLock$FairSync done
Event: 5.078 Loading class sun/misc/Unsafe
Event: 5.078 Loading class sun/misc/Unsafe done
Event: 5.108 Loading class java/net/DatagramPacket
Event: 5.109 Loading class java/net/DatagramPacket done
Event: 5.110 Loading class sun/nio/ch/DatagramChannelImpl$DatagramPackets
Event: 5.110 Loading class sun/nio/ch/DatagramChannelImpl$DatagramPackets done
Event: 5.221 Loading class sun/security/provider/MD5
Event: 5.221 Loading class sun/security/provider/MD5 done
Event: 5.222 Loading class sun/security/provider/SHA5$SHA512
Event: 5.222 Loading class sun/security/provider/SHA5
Event: 5.223 Loading class sun/security/provider/SHA5 done
Event: 5.223 Loading class sun/security/provider/SHA5$SHA512 done
Event: 5.228 Loading class sun/security/provider/ByteArrayAccess$LE
Event: 5.228 Loading class sun/security/provider/ByteArrayAccess$LE done

Classes unloaded (0 events):
No events

Classes redefined (0 events):
No events

Internal exceptions (20 events):
Event: 3.654 Thread 0x0000025c463c28f0 Exception <a 'java/lang/NoSuchMethodError'{0x000000060f6cf9c8}: 'java.lang.Object java.lang.invoke.DirectMethodHandle$Holder.invokeVirtual(java.lang.Object, java.lang.Object, java.lang.Object, java.lang.Object, java.lang.Object, java.lang.Object, java.lang.Object)'> (0x000000060f6cf9c8) 
thrown [s\src\hotspot\share\interpreter\linkResolver.cpp, line 773]
Event: 3.683 Thread 0x0000025c463c28f0 Exception <a 'java/lang/NoSuchMethodError'{0x000000060f75e930}: 'java.lang.Object java.lang.invoke.DirectMethodHandle$Holder.invokeVirtual(java.lang.Object, java.lang.Object, java.lang.Object, java.lang.Object, java.lang.Object, java.lang.Object, java.lang.Object, java.lang.Object, java.lang.Object)'> (0x000000060f75e930) 
thrown [s\src\hotspot\share\interpreter\linkResolver.cpp, line 773]
Event: 3.761 Thread 0x0000025c463c28f0 Exception <a 'java/lang/NoSuchMethodError'{0x000000060f1075c0}: 'java.lang.Object java.lang.invoke.DirectMethodHandle$Holder.invokeStaticInit(java.lang.Object, int, int, int, int)'> (0x000000060f1075c0) 
thrown [s\src\hotspot\share\interpreter\linkResolver.cpp, line 773]
Event: 3.795 Thread 0x0000025c463c28f0 Exception <a 'java/lang/NoSuchMethodError'{0x000000060f140aa8}: 'java.lang.Object java.lang.invoke.DirectMethodHandle$Holder.invokeStaticInit(java.lang.Object, java.lang.Object, int, int, int, int)'> (0x000000060f140aa8) 
thrown [s\src\hotspot\share\interpreter\linkResolver.cpp, line 773]
Event: 4.057 Thread 0x0000025c463c28f0 Exception <a 'java/io/IOException'{0x000000060eccc9b8}> (0x000000060eccc9b8) 
thrown [s\src\hotspot\share\prims\jni.cpp, line 520]
Event: 4.067 Thread 0x0000025c463c28f0 Implicit null exception at 0x0000025c599acd24 to 0x0000025c599ad398
Event: 4.073 Thread 0x0000025c463c28f0 Exception <a 'java/lang/NoSuchMethodError'{0x000000060ed2cf10}: 'java.lang.Object java.lang.invoke.DirectMethodHandle$Holder.newInvokeSpecial(java.lang.Object, java.lang.Object, java.lang.Object, java.lang.Object, java.lang.Object)'> (0x000000060ed2cf10) 
thrown [s\src\hotspot\share\interpreter\linkResolver.cpp, line 773]
Event: 4.291 Thread 0x0000025c77373840 Exception <a 'java/lang/NoSuchMethodError'{0x000000060e86d9e8}: 'void java.lang.invoke.DirectMethodHandle$Holder.invokeSpecial(java.lang.Object, java.lang.Object, java.lang.Object)'> (0x000000060e86d9e8) 
thrown [s\src\hotspot\share\interpreter\linkResolver.cpp, line 773]
Event: 4.410 Thread 0x0000025c7d37c610 Exception <a 'java/lang/NoSuchMethodError'{0x000000060e6d0bc8}: 'long java.lang.invoke.DirectMethodHandle$Holder.invokeInterface(java.lang.Object, java.lang.Object)'> (0x000000060e6d0bc8) 
thrown [s\src\hotspot\share\interpreter\linkResolver.cpp, line 773]
Event: 4.541 Thread 0x0000025c7d37c610 Exception <a 'java/lang/NoSuchMethodError'{0x000000060e37bcf8}: 'void java.lang.invoke.DirectMethodHandle$Holder.invokeStatic(java.lang.Object, java.lang.Object)'> (0x000000060e37bcf8) 
thrown [s\src\hotspot\share\interpreter\linkResolver.cpp, line 773]
Event: 4.562 Thread 0x0000025c7d37c610 Exception <a 'java/lang/NoSuchMethodError'{0x000000060e3bf880}: 'java.lang.Object java.lang.invoke.DirectMethodHandle$Holder.invokeVirtual(java.lang.Object, java.lang.Object, java.lang.Object, java.lang.Object, java.lang.Object, java.lang.Object, java.lang.Object, java.lang.Object, java.lang.Object, java.lang.Object, java.lang.Object, java.lang.Object)'> (0x000000060e3bf880) 
thrown [s\src\hotspot\share\interpreter\linkResolver.cpp, line 773]
Event: 4.562 Thread 0x0000025c7d37c610 Exception <a 'java/lang/NoSuchMethodError'{0x000000060e3c48a8}: 'java.lang.Object java.lang.invoke.DirectMethodHandle$Holder.invokeSpecial(java.lang.Object, java.lang.Object, java.lang.Object, java.lang.Object, java.lang.Object, java.lang.Object, java.lang.Object, java.lang.Object, java.lang.Object, java.lang.Object, java.lang.Object, java.lang.Object, java.lang.Object)'> (0x000000060e3c48a8) 
thrown [s\src\hotspot\share\interpreter\linkResolver.cpp, line 773]
Event: 4.636 Thread 0x0000025c7d37c610 Exception <a 'java/lang/NoSuchMethodError'{0x000000060ddabfb8}: 'int java.lang.invoke.DirectMethodHandle$Holder.invokeVirtual(java.lang.Object, java.lang.Object, java.lang.Object)'> (0x000000060ddabfb8) 
thrown [s\src\hotspot\share\interpreter\linkResolver.cpp, line 773]
Event: 4.730 Thread 0x0000025c7d37c610 Exception <a 'java/lang/NoSuchMethodError'{0x000000060d80bea8}: 'java.lang.Object java.lang.invoke.DirectMethodHandle$Holder.newInvokeSpecial(java.lang.Object, java.lang.Object, java.lang.Object, java.lang.Object, java.lang.Object, java.lang.Object)'> (0x000000060d80bea8) 
thrown [s\src\hotspot\share\interpreter\linkResolver.cpp, line 773]
Event: 4.840 Thread 0x0000025c7d37c610 Exception <a 'java/lang/NoSuchMethodError'{0x000000060dad8b90}: 'void java.lang.invoke.DelegatingMethodHandle$Holder.reinvoke_L(java.lang.Object, java.lang.Object, java.lang.Object, java.lang.Object, java.lang.Object, java.lang.Object, java.lang.Object, java.lang.Object, java.lang.Object, java.lang.Object)'> (0x000000060dad8b90) 
thrown [s\src\hotspot\share\interpreter\linkResolver.cpp, line 773]
Event: 4.841 Thread 0x0000025c7d37c610 Exception <a 'java/lang/NoSuchMethodError'{0x000000060dae0670}: 'java.lang.Object java.lang.invoke.Invokers$Holder.invoker(java.lang.Object, java.lang.Object, java.lang.Object, java.lang.Object, java.lang.Object, java.lang.Object, java.lang.Object, java.lang.Object, java.lang.Object, java.lang.Object)'> (0x000000060dae0670) 
thrown [s\src\hotspot\share\interpreter\linkResolver.cpp, line 773]
Event: 4.973 Thread 0x0000025c7d37c610 Exception <a 'java/lang/NoSuchMethodError'{0x000000060d7246b8}: 'void java.lang.invoke.DirectMethodHandle$Holder.invokeVirtual(java.lang.Object, java.lang.Object, java.lang.Object, java.lang.Object, java.lang.Object)'> (0x000000060d7246b8) 
thrown [s\src\hotspot\share\interpreter\linkResolver.cpp, line 773]
Event: 5.025 Thread 0x0000025c7d37c610 Exception <a 'java/lang/NoSuchMethodError'{0x000000060d101a88}: 'void java.lang.invoke.DirectMethodHandle$Holder.invokeInterface(java.lang.Object, java.lang.Object)'> (0x000000060d101a88) 
thrown [s\src\hotspot\share\interpreter\linkResolver.cpp, line 773]
Event: 5.026 Thread 0x0000025c7d37c610 Exception <a 'java/lang/IncompatibleClassChangeError'{0x000000060d105008}: Found class java.lang.Object, but interface was expected> (0x000000060d105008) 
thrown [s\src\hotspot\share\interpreter\linkResolver.cpp, line 840]
Event: 5.073 Thread 0x0000025c7d37c610 Exception <a 'java/lang/NoSuchMethodError'{0x000000060d2257e0}: 'java.lang.Object java.lang.invoke.DirectMethodHandle$Holder.newInvokeSpecial(java.lang.Object, java.lang.Object, int)'> (0x000000060d2257e0) 
thrown [s\src\hotspot\share\interpreter\linkResolver.cpp, line 773]

ZGC Phase Switch (0 events):
No events

VM Operations (20 events):
Event: 3.496 Executing non-safepoint VM operation: HandshakeAllThreads (Deoptimize)
Event: 3.496 Executing non-safepoint VM operation: HandshakeAllThreads (Deoptimize) done
Event: 3.501 Executing non-safepoint VM operation: HandshakeAllThreads (Deoptimize)
Event: 3.501 Executing non-safepoint VM operation: HandshakeAllThreads (Deoptimize) done
Event: 3.502 Executing non-safepoint VM operation: HandshakeAllThreads (Deoptimize)
Event: 3.502 Executing non-safepoint VM operation: HandshakeAllThreads (Deoptimize) done
Event: 3.650 Executing non-safepoint VM operation: HandshakeAllThreads (Deoptimize)
Event: 3.650 Executing non-safepoint VM operation: HandshakeAllThreads (Deoptimize) done
Event: 3.721 Executing non-safepoint VM operation: HandshakeAllThreads (Deoptimize)
Event: 3.721 Executing non-safepoint VM operation: HandshakeAllThreads (Deoptimize) done
Event: 3.792 Executing non-safepoint VM operation: HandshakeAllThreads (Deoptimize)
Event: 3.792 Executing non-safepoint VM operation: HandshakeAllThreads (Deoptimize) done
Event: 3.947 Executing non-safepoint VM operation: HandshakeAllThreads (Deoptimize)
Event: 3.947 Executing non-safepoint VM operation: HandshakeAllThreads (Deoptimize) done
Event: 4.137 Executing non-safepoint VM operation: HandshakeAllThreads (Deoptimize)
Event: 4.137 Executing non-safepoint VM operation: HandshakeAllThreads (Deoptimize) done
Event: 4.357 Executing safepoint VM operation: ICBufferFull
Event: 4.357 Executing safepoint VM operation: ICBufferFull done
Event: 5.068 Executing non-safepoint VM operation: HandshakeAllThreads (Deoptimize)
Event: 5.068 Executing non-safepoint VM operation: HandshakeAllThreads (Deoptimize) done

Memory protections (0 events):
No events

Nmethod flushes (0 events):
No events

Events (20 events):
Event: 0.685 Thread 0x0000025c774f49e0 Thread added: 0x0000025c776f4350
Event: 1.028 Thread 0x0000025c77100bf0 Thread added: 0x0000025c7c40b000
Event: 1.281 Thread 0x0000025c776f4350 Thread exited: 0x0000025c776f4350
Event: 1.446 Thread 0x0000025c778016b0 Thread exited: 0x0000025c778016b0
Event: 2.178 Thread 0x0000025c774f49e0 Thread exited: 0x0000025c774f49e0
Event: 3.504 Thread 0x0000025c463c28f0 Thread added: 0x0000025c77374560
Event: 3.887 Thread 0x0000025c463c28f0 Thread added: 0x0000025c77373ed0
Event: 3.904 Thread 0x0000025c7c40b000 Thread added: 0x0000025c7d314ae0
Event: 4.079 Thread 0x0000025c463c28f0 Thread added: 0x0000025c77375280
Event: 4.214 Thread 0x0000025c77373ed0 Thread added: 0x0000025c77373840
Event: 4.221 Thread 0x0000025c77373840 Thread added: 0x0000025c77375910
Event: 4.279 Thread 0x0000025c77373840 Thread added: 0x0000025c77375fa0
Event: 4.292 Thread 0x0000025c77373840 Thread added: 0x0000025c7d37c610
Event: 4.315 Thread 0x0000025c7d37c610 Thread added: 0x0000025c7d37b8f0
Event: 4.324 Thread 0x0000025c7d37c610 Thread added: 0x0000025c7d37abd0
Event: 4.328 Thread 0x0000025c7d37c610 Thread added: 0x0000025c7d379eb0
Event: 4.513 Thread 0x0000025c7d314ae0 Thread exited: 0x0000025c7d314ae0
Event: 5.069 Thread 0x0000025c7d37c610 Thread added: 0x0000025c7d379820
Event: 5.107 Thread 0x0000025c7d37c610 Thread added: 0x0000025c7d37bf80
Event: 5.175 Thread 0x0000025c7d37c610 Thread added: 0x0000025c7d379190


Dynamic libraries:
0x00007ff7a7c70000 - 0x00007ff7a7c7e000 	C:\Users\US\.vscode\extensions\redhat.java-1.53.0-win32-x64\jre\21.0.10-win32-x86_64\bin\java.exe
0x00007ff939ec0000 - 0x00007ff93a127000 	C:\WINDOWS\SYSTEM32\ntdll.dll
0x00007ff938130000 - 0x00007ff9381f9000 	C:\WINDOWS\System32\KERNEL32.DLL
0x00007ff937520000 - 0x00007ff937911000 	C:\WINDOWS\System32\KERNELBASE.dll
0x00007ff937950000 - 0x00007ff937a9b000 	C:\WINDOWS\System32\ucrtbase.dll
0x00007ff8fcc70000 - 0x00007ff8fcc88000 	C:\Users\US\.vscode\extensions\redhat.java-1.53.0-win32-x64\jre\21.0.10-win32-x86_64\bin\jli.dll
0x00007ff8fd230000 - 0x00007ff8fd24e000 	C:\Users\US\.vscode\extensions\redhat.java-1.53.0-win32-x64\jre\21.0.10-win32-x86_64\bin\VCRUNTIME140.dll
0x00007ff938320000 - 0x00007ff9384e5000 	C:\WINDOWS\System32\USER32.dll
0x00007ff937920000 - 0x00007ff937947000 	C:\WINDOWS\System32\win32u.dll
0x00007ff91ff60000 - 0x00007ff9201f3000 	C:\WINDOWS\WinSxS\amd64_microsoft.windows.common-controls_6595b64144ccf1df_6.0.26100.8037_none_3e092faae333b53b\COMCTL32.dll
0x00007ff937cd0000 - 0x00007ff937cfb000 	C:\WINDOWS\System32\GDI32.dll
0x00007ff937aa0000 - 0x00007ff937bcb000 	C:\WINDOWS\System32\gdi32full.dll
0x00007ff937470000 - 0x00007ff937513000 	C:\WINDOWS\System32\msvcp_win.dll
0x00007ff939510000 - 0x00007ff9395b9000 	C:\WINDOWS\System32\msvcrt.dll
0x00007ff9384f0000 - 0x00007ff938521000 	C:\WINDOWS\System32\IMM32.DLL
0x00007ff925590000 - 0x00007ff92559c000 	C:\Users\US\.vscode\extensions\redhat.java-1.53.0-win32-x64\jre\21.0.10-win32-x86_64\bin\vcruntime140_1.dll
0x00007ff8f42c0000 - 0x00007ff8f434d000 	C:\Users\US\.vscode\extensions\redhat.java-1.53.0-win32-x64\jre\21.0.10-win32-x86_64\bin\msvcp140.dll
0x00007ff850f00000 - 0x00007ff851ca1000 	C:\Users\US\.vscode\extensions\redhat.java-1.53.0-win32-x64\jre\21.0.10-win32-x86_64\bin\server\jvm.dll
0x00007ff937ee0000 - 0x00007ff937f9b000 	C:\WINDOWS\System32\ADVAPI32.dll
0x00007ff9389b0000 - 0x00007ff938a57000 	C:\WINDOWS\System32\sechost.dll
0x00007ff938200000 - 0x00007ff938318000 	C:\WINDOWS\System32\RPCRT4.dll
0x00007ff938930000 - 0x00007ff9389a4000 	C:\WINDOWS\System32\WS2_32.dll
0x00007ff935700000 - 0x00007ff93575e000 	C:\WINDOWS\SYSTEM32\POWRPROF.dll
0x00007ff92c200000 - 0x00007ff92c235000 	C:\WINDOWS\SYSTEM32\WINMM.dll
0x00007ff924300000 - 0x00007ff92430b000 	C:\WINDOWS\SYSTEM32\VERSION.dll
0x00007ff9356e0000 - 0x00007ff9356f4000 	C:\WINDOWS\SYSTEM32\UMPDC.dll
0x00007ff9355a0000 - 0x00007ff9355bb000 	C:\WINDOWS\SYSTEM32\kernel.appcore.dll
0x00007ff925490000 - 0x00007ff92549a000 	C:\Users\US\.vscode\extensions\redhat.java-1.53.0-win32-x64\jre\21.0.10-win32-x86_64\bin\jimage.dll
0x00007ff934320000 - 0x00007ff934562000 	C:\WINDOWS\SYSTEM32\DBGHELP.DLL
0x00007ff938560000 - 0x00007ff9388e2000 	C:\WINDOWS\System32\combase.dll
0x00007ff939190000 - 0x00007ff939267000 	C:\WINDOWS\System32\OLEAUT32.dll
0x00007ff91e520000 - 0x00007ff91e55b000 	C:\WINDOWS\SYSTEM32\dbgcore.DLL
0x00007ff936860000 - 0x00007ff936905000 	C:\WINDOWS\System32\bcryptPrimitives.dll
0x00007ff9081b0000 - 0x00007ff9081bf000 	C:\Users\US\.vscode\extensions\redhat.java-1.53.0-win32-x64\jre\21.0.10-win32-x86_64\bin\instrument.dll
0x00007ff901370000 - 0x00007ff901390000 	C:\Users\US\.vscode\extensions\redhat.java-1.53.0-win32-x64\jre\21.0.10-win32-x86_64\bin\java.dll
0x00007ff939710000 - 0x00007ff939e6f000 	C:\WINDOWS\System32\SHELL32.dll
0x00007ff937300000 - 0x00007ff93746a000 	C:\WINDOWS\System32\wintypes.dll
0x00007ff936a90000 - 0x00007ff9372f4000 	C:\WINDOWS\System32\windows.storage.dll
0x00007ff9395c0000 - 0x00007ff9396b7000 	C:\WINDOWS\System32\SHCORE.dll
0x00007ff937c60000 - 0x00007ff937cc7000 	C:\WINDOWS\System32\shlwapi.dll
0x00007ff9366c0000 - 0x00007ff9366e9000 	C:\WINDOWS\SYSTEM32\profapi.dll
0x00007ff900860000 - 0x00007ff900878000 	C:\Users\US\.vscode\extensions\redhat.java-1.53.0-win32-x64\jre\21.0.10-win32-x86_64\bin\zip.dll
0x00007ff9250f0000 - 0x00007ff925100000 	C:\Users\US\.vscode\extensions\redhat.java-1.53.0-win32-x64\jre\21.0.10-win32-x86_64\bin\net.dll
0x00007ff926900000 - 0x00007ff926a27000 	C:\WINDOWS\SYSTEM32\WINHTTP.dll
0x00007ff935bc0000 - 0x00007ff935c2b000 	C:\WINDOWS\system32\mswsock.dll
0x00007ff8f8880000 - 0x00007ff8f8896000 	C:\Users\US\.vscode\extensions\redhat.java-1.53.0-win32-x64\jre\21.0.10-win32-x86_64\bin\nio.dll
0x00007ff90ca60000 - 0x00007ff90ca70000 	C:\Users\US\.vscode\extensions\redhat.java-1.53.0-win32-x64\jre\21.0.10-win32-x86_64\bin\verify.dll
0x00007ff9251b0000 - 0x00007ff9251d7000 	C:\Users\US\.gradle\native\1def1411415f61bf3af743bc5b6707747c0891f09f0c88961ee8f79bc544acac\windows-amd64\native-platform.dll
0x0000000069c20000 - 0x0000000069c93000 	C:\Users\US\.gradle\native\0.2.5\x86_64-windows-gnu\gradle-fileevents.dll
0x00007ff90c6c0000 - 0x00007ff90c6ca000 	C:\Users\US\.vscode\extensions\redhat.java-1.53.0-win32-x64\jre\21.0.10-win32-x86_64\bin\management.dll
0x00007ff90ae60000 - 0x00007ff90ae6c000 	C:\Users\US\.vscode\extensions\redhat.java-1.53.0-win32-x64\jre\21.0.10-win32-x86_64\bin\management_ext.dll
0x00007ff938090000 - 0x00007ff938098000 	C:\WINDOWS\System32\PSAPI.DLL
0x00007ff935ea0000 - 0x00007ff935ebb000 	C:\WINDOWS\SYSTEM32\CRYPTSP.dll
0x00007ff935500000 - 0x00007ff935539000 	C:\WINDOWS\system32\rsaenh.dll
0x00007ff935c70000 - 0x00007ff935ca2000 	C:\WINDOWS\SYSTEM32\USERENV.dll
0x00007ff936690000 - 0x00007ff9366ba000 	C:\WINDOWS\SYSTEM32\bcrypt.dll
0x00007ff935ec0000 - 0x00007ff935ecc000 	C:\WINDOWS\SYSTEM32\CRYPTBASE.dll
0x00007ff934f20000 - 0x00007ff934f53000 	C:\WINDOWS\SYSTEM32\IPHLPAPI.DLL
0x00007ff938080000 - 0x00007ff93808a000 	C:\WINDOWS\System32\NSI.dll
0x00007ff9076b0000 - 0x00007ff9076b9000 	C:\Users\US\.vscode\extensions\redhat.java-1.53.0-win32-x64\jre\21.0.10-win32-x86_64\bin\extnet.dll
0x00007ff926240000 - 0x00007ff92624e000 	C:\Users\US\.vscode\extensions\redhat.java-1.53.0-win32-x64\jre\21.0.10-win32-x86_64\bin\sunmscapi.dll
0x00007ff936910000 - 0x00007ff936a87000 	C:\WINDOWS\System32\CRYPT32.dll
0x00007ff9360c0000 - 0x00007ff9360f0000 	C:\WINDOWS\SYSTEM32\ncrypt.dll
0x00007ff936070000 - 0x00007ff9360af000 	C:\WINDOWS\SYSTEM32\NTASN1.dll
0x00007ff922e20000 - 0x00007ff922e28000 	C:\WINDOWS\system32\wshunix.dll

JVMTI agents:
C:\Users\US\.gradle\wrapper\dists\gradle-8.12-all\ejduaidbjup3bmmkhw3rie4zb\gradle-8.12\lib\agents\gradle-instrumentation-agent-8.12.jar path:C:\Users\US\.vscode\extensions\redhat.java-1.53.0-win32-x64\jre\21.0.10-win32-x86_64\bin\instrument.dll, loaded, initialized, instrumentlib options:none

dbghelp: loaded successfully - version: 4.0.5 - missing functions: none
symbol engine: initialized successfully - sym options: 0x614 - pdb path: .;C:\Users\US\.vscode\extensions\redhat.java-1.53.0-win32-x64\jre\21.0.10-win32-x86_64\bin;C:\WINDOWS\SYSTEM32;C:\WINDOWS\WinSxS\amd64_microsoft.windows.common-controls_6595b64144ccf1df_6.0.26100.8037_none_3e092faae333b53b;C:\Users\US\.vscode\extensions\redhat.java-1.53.0-win32-x64\jre\21.0.10-win32-x86_64\bin\server;C:\Users\US\.gradle\native\1def1411415f61bf3af743bc5b6707747c0891f09f0c88961ee8f79bc544acac\windows-amd64;C:\Users\US\.gradle\native\0.2.5\x86_64-windows-gnu

VM Arguments:
jvm_args: --add-opens=java.base/java.lang=ALL-UNNAMED --add-opens=java.base/java.lang.invoke=ALL-UNNAMED --add-opens=java.base/java.util=ALL-UNNAMED --add-opens=java.prefs/java.util.prefs=ALL-UNNAMED --add-exports=jdk.compiler/com.sun.tools.javac.api=ALL-UNNAMED --add-exports=jdk.compiler/com.sun.tools.javac.util=ALL-UNNAMED --add-opens=java.base/java.util=ALL-UNNAMED --add-opens=java.prefs/java.util.prefs=ALL-UNNAMED --add-opens=java.base/java.nio.charset=ALL-UNNAMED --add-opens=java.base/java.net=ALL-UNNAMED --add-opens=java.base/java.util.concurrent.atomic=ALL-UNNAMED --add-opens=java.xml/javax.xml.namespace=ALL-UNNAMED -XX:MaxMetaspaceSize=4G -XX:ReservedCodeCacheSize=512m -XX:+HeapDumpOnOutOfMemoryError -Xmx8G -Dfile.encoding=UTF-8 -Duser.country=US -Duser.language=en -Duser.variant -javaagent:C:\Users\US\.gradle\wrapper\dists\gradle-8.12-all\ejduaidbjup3bmmkhw3rie4zb\gradle-8.12\lib\agents\gradle-instrumentation-agent-8.12.jar 
java_command: org.gradle.launcher.daemon.bootstrap.GradleDaemon 8.12
java_class_path (initial): C:\Users\US\.gradle\wrapper\dists\gradle-8.12-all\ejduaidbjup3bmmkhw3rie4zb\gradle-8.12\lib\gradle-daemon-main-8.12.jar
Launcher Type: SUN_STANDARD

[Global flags]
     intx CICompilerCount                          = 12                                        {product} {ergonomic}
     uint ConcGCThreads                            = 3                                         {product} {ergonomic}
     uint G1ConcRefinementThreads                  = 13                                        {product} {ergonomic}
   size_t G1HeapRegionSize                         = 4194304                                   {product} {ergonomic}
    uintx GCDrainStackTargetSize                   = 64                                        {product} {ergonomic}
     bool HeapDumpOnOutOfMemoryError               = true                                   {manageable} {command line}
   size_t InitialHeapSize                          = 264241152                                 {product} {ergonomic}
   size_t MarkStackSize                            = 4194304                                   {product} {ergonomic}
   size_t MaxHeapSize                              = 8589934592                                {product} {command line}
   size_t MaxMetaspaceSize                         = 4294967296                                {product} {command line}
   size_t MaxNewSize                               = 5150605312                                {product} {ergonomic}
   size_t MinHeapDeltaBytes                        = 4194304                                   {product} {ergonomic}
   size_t MinHeapSize                              = 8388608                                   {product} {ergonomic}
    uintx NonNMethodCodeHeapSize                   = 7602480                                {pd product} {ergonomic}
    uintx NonProfiledCodeHeapSize                  = 264634216                              {pd product} {ergonomic}
    uintx ProfiledCodeHeapSize                     = 264634216                              {pd product} {ergonomic}
    uintx ReservedCodeCacheSize                    = 536870912                              {pd product} {command line}
     bool SegmentedCodeCache                       = true                                      {product} {ergonomic}
   size_t SoftMaxHeapSize                          = 8589934592                             {manageable} {ergonomic}
     bool UseCompressedOops                        = true                           {product lp64_product} {ergonomic}
     bool UseG1GC                                  = true                                      {product} {ergonomic}
     bool UseLargePagesIndividualAllocation        = false                                  {pd product} {ergonomic}

Logging:
Log output configuration:
 #0: stdout all=warning uptime,level,tags foldmultilines=false
 #1: stderr all=off uptime,level,tags foldmultilines=false

Release file:
JAVA_VERSION="21.0.10" 
MODULES="java.base java.compiler java.datatransfer java.xml java.prefs java.desktop java.instrument java.logging java.management java.security.sasl java.naming java.rmi java.management.rmi java.net.http java.scripting java.security.jgss java.transaction.xa java.sql java.sql.rowset java.xml.crypto java.se java.smartcardio jdk.accessibility jdk.internal.jvmstat jdk.attach jdk.charsets jdk.internal.opt jdk.zipfs jdk.compiler jdk.crypto.ec jdk.crypto.cryptoki jdk.crypto.mscapi jdk.dynalink jdk.internal.ed jdk.editpad jdk.hotspot.agent jdk.httpserver jdk.internal.le jdk.internal.vm.ci jdk.internal.vm.compiler jdk.internal.vm.compiler.management jdk.jartool jdk.javadoc jdk.jcmd jdk.management jdk.management.agent jdk.jconsole jdk.jdeps jdk.jdwp.agent jdk.jdi jdk.jfr jdk.jshell jdk.jsobject jdk.jstatd jdk.localedata jdk.management.jfr jdk.naming.dns jdk.naming.rmi jdk.net jdk.nio.mapmode jdk.random jdk.sctp jdk.security.auth jdk.security.jgss jdk.unsupported jdk.unsupported.desktop jdk.xml.dom" 

Environment Variables:
JAVA_HOME=C:\Program Files\Java\jdk-17.0.18
PATH=C:\Users\US\AppData\Local\Programs\Microsoft VS Code;C:\Program Files\Java\jdk-17.0.18\bin;C:\Program Files\Java\jdk-17.0.18\bin;E:\oracle\app\oracle\product\11.2.0\server\bin;D:\siddhartha\Downloads\apache-maven-3.9.12-bin\bin;C:\WINDOWS\system32;C:\WINDOWS;C:\WINDOWS\System32\Wbem;C:\WINDOWS\System32\WindowsPowerShell\v1.0\;C:\WINDOWS\System32\OpenSSH\;C:\Program Files\Microsoft SQL Server\150\Tools\Binn\;C:\Program Files\MySQL\MySQL Server 9.0\bin;C:\ProgramData\chocolatey\bin;C:\Users\US\AppData\Roaming\Microsoft\Windows\Start Menu\Programs\MongoDB Inc\MongoDB\Server\8.0\bin;C:\Program Files\Git\cmd;D:\siddhartha\Downloads\flutter_windows_3.35.1-stable\flutter\bin;D:\siddhartha\Downloads\commandlinetools-win-13114758_latest;D:\siddhartha\Downloads\dairy_farm_app\android;C:\Android\cmdline-tools\latest\bin;C:\Android\platform-tools;C:\Android\tools\bin;C:\Users\US\AppData\Local\Pub\Cache\bin;C:\Program Files\nodejs\;C:\Users\US\AppData\Local\Programs\Python\Python313\Scripts\;C:\Users\US\AppData\Local\Programs\Python\Python313\;C:\Android\Sdk\platform-tools;C:\Android\Sdk\cmdline-tools\bin;C:\Program Files\Java\jdk-17.0.18\bin;C:\Program Files\Java\jdk-17.0.18\bin;E:\oracle\app\oracle\product\11.2.0\server\bin;D:\siddhartha\Downloads\apache-maven-3.9.12-bin\bin;C:\WINDOWS\system32;C:\WINDOWS;C:\WINDOWS\System32\Wbem;C:\WINDOWS\System32\WindowsPowerShell\v1.0\;C:\WINDOWS\System32\OpenSSH\;C:\Program Files\Microsoft SQL Server\150\Tools\Binn\;C:\Program Files\MySQL\MySQL Server 9.0\bin;C:\ProgramData\chocolatey\bin;C:\Users\US\AppData\Roaming\Microsoft\Windows\Start Menu\Programs\MongoDB Inc\MongoDB\Server\8.0\bin;C:\Program Files\Git\cmd;D:\siddhartha\Downloads\flutter_windows_3.35.1-stable\flutter\bin;D:\siddhartha\Downloads\commandlinetools-win-13114758_latest;D:\siddhartha\Downloads\dairy_farm_app\android;C:\Android\cmdline-tools\latest\bin;C:\Android\platform-tools;C:\Android\tools\bin;C:\Users\US\AppData\Local\Pub\Cache\bin;C:\Program Files\nodejs\;;C:\Users\US\AppData\Local\Programs\Microsoft VS Code\bin;C:\Users\US\AppData\Roaming\npm;D:\apps\IntelliJ IDEA 2025.3.2\bin
USERNAME=US
OS=Windows_NT
PROCESSOR_IDENTIFIER=Intel64 Family 6 Model 154 Stepping 3, GenuineIntel
TMP=C:\Users\US\AppData\Local\Temp
TEMP=C:\Users\US\AppData\Local\Temp




Periodic native trim disabled

---------------  S Y S T E M  ---------------

OS:
 Windows 11 , 64 bit Build 26100 (10.0.26100.7920)
OS uptime: 1 days 7:09 hours
Hyper-V role detected

CPU: total 16 (initial active 16) (8 cores per cpu, 2 threads per core) family 6 model 154 stepping 3 microcode 0x432, cx8, cmov, fxsr, ht, mmx, 3dnowpref, sse, sse2, sse3, ssse3, sse4.1, sse4.2, popcnt, lzcnt, tsc, tscinvbit, avx, avx2, aes, erms, clmul, bmi1, bmi2, adx, sha, fma, vzeroupper, clflush, clflushopt, clwb, hv, serialize, rdtscp, rdpid, fsrm, f16c, cet_ibt, cet_ss
Processor Information for processor 0
  Max Mhz: 2500, Current Mhz: 2500, Mhz Limit: 2500
Processor Information for processor 1
  Max Mhz: 2500, Current Mhz: 2500, Mhz Limit: 2500
Processor Information for processor 2
  Max Mhz: 2500, Current Mhz: 2500, Mhz Limit: 2500
Processor Information for processor 3
  Max Mhz: 2500, Current Mhz: 2500, Mhz Limit: 2500
Processor Information for processor 4
  Max Mhz: 2500, Current Mhz: 2500, Mhz Limit: 2500
Processor Information for processor 5
  Max Mhz: 2500, Current Mhz: 2500, Mhz Limit: 2500
Processor Information for processor 6
  Max Mhz: 2500, Current Mhz: 2500, Mhz Limit: 2500
Processor Information for processor 7
  Max Mhz: 2500, Current Mhz: 2500, Mhz Limit: 2500
Processor Information for processor 8
  Max Mhz: 2500, Current Mhz: 1800, Mhz Limit: 1800
Processor Information for processor 9
  Max Mhz: 2500, Current Mhz: 1800, Mhz Limit: 1800
Processor Information for processor 10
  Max Mhz: 2500, Current Mhz: 1800, Mhz Limit: 1800
Processor Information for processor 11
  Max Mhz: 2500, Current Mhz: 1800, Mhz Limit: 1800
Processor Information for processor 12
  Max Mhz: 2500, Current Mhz: 1800, Mhz Limit: 1800
Processor Information for processor 13
  Max Mhz: 2500, Current Mhz: 1800, Mhz Limit: 1800
Processor Information for processor 14
  Max Mhz: 2500, Current Mhz: 1800, Mhz Limit: 1800
Processor Information for processor 15
  Max Mhz: 2500, Current Mhz: 1800, Mhz Limit: 1800

Memory: 4k page, system-wide physical 16004M (1524M free)
TotalPageFile size 22702M (AvailPageFile size 1M)
current process WorkingSet (physical memory assigned to process): 165M, peak: 165M
current process commit charge ("private bytes"): 401M, peak: 401M

vm_info: OpenJDK 64-Bit Server VM (21.0.10+7-LTS) for windows-amd64 JRE (21.0.10+7-LTS), built on 2026-01-20T00:00:00Z by "admin" with MS VC++ 17.12 (VS2022)

END.
